Command: MAKECALL
Command: SENDTEXT
Command: RECHARGE
Command: DELETEACCOUNT
Command: SEARCH
Command: DISPLAYDETAILS
Command: ADDACCOUNT
 Name:          NATASHIA PEZEZ
 Student ID:    1117264
 Phone Number:  8636505246
 Balance:       $20.00

Command: ADDACCOUNT
 Name:          DOMITILA DYCK
 Student ID:    1112666
 Phone Number:  8631025851
 Balance:       $20.00

Command: ADDACCOUNT
 Name:          MIRTA GRODE
 Student ID:    1113703
 Phone Number:  8634962293
 Balance:       $20.00

Command: ADDACCOUNT
 Name:          MAURINE BEISWANGER
 Student ID:    1110801
 Phone Number:  8632586808
 Balance:       $20.00

Command: ADDACCOUNT
 Name:          WENDOLYN DUCKSWORTH
 Student ID:    1112615
 Phone Number:  8635198880
 Balance:       $20.00

Command: ADDACCOUNT
 Name:          GARNET TRUBY
 Student ID:    1119617
 Phone Number:  8637879289
 Balance:       $20.00

Command: ADDACCOUNT
 Name:          MONTY DUVAL
 Student ID:    1112665
 Phone Number:  8639453988
 Balance:       $20.00

Command: ADDACCOUNT
 Name:          FIDELIA HOAK
 Student ID:    1114225
 Phone Number:  8631157424
 Balance:       $20.00

Command: ADDACCOUNT
 Name:          BILLIE BORDER
 Student ID:    1111172
 Phone Number:  8639505894
 Balance:       $20.00

Command: ADDACCOUNT
 Name:          BELIA AMESQUITA
 Student ID:    1110460
 Phone Number:  8633734324
 Balance:       $20.00

Command: ADDACCOUNT
 Name:          LARHONDA MASTURZO
 Student ID:    1115812
 Phone Number:  8635354928
 Balance:       $20.00

Command: ADDACCOUNT
 Name:          CAROLIN COLESON
 Student ID:    1111965
 Phone Number:  8636545916
 Balance:       $20.00

Command: ADDACCOUNT
 Name:          SPRING TOJO
 Student ID:    1119493
 Phone Number:  8637416092
 Balance:       $20.00

Command: ADDACCOUNT
 Name:          LULU TERNES
 Student ID:    1119417
 Phone Number:  8637514357
 Balance:       $20.00

Command: ADDACCOUNT
 Name:          ETHA GOUIN
 Student ID:    1113598
 Phone Number:  8634499087
 Balance:       $20.00

Command: ADDACCOUNT
 Name:          BEVERLY MCQUIGGAN
 Student ID:    1116018
 Phone Number:  8636952609
 Balance:       $20.00

Command: ADDACCOUNT
 Name:          BRITTNI SIRHAN
 Student ID:    1118680
 Phone Number:  8632227614
 Balance:       $20.00

Command: ADDACCOUNT
 Name:          VINCE STEIDINGER
 Student ID:    1119034
 Phone Number:  8636248474
 Balance:       $20.00

Command: ADDACCOUNT
 Name:          JORGE CHICAS
 Student ID:    1111827
 Phone Number:  8633150643
 Balance:       $20.00

Command: ADDACCOUNT
 Name:          MICKIE KEGEL
 Student ID:    1114661
 Phone Number:  8639121635
 Balance:       $20.00

Command: ADDACCOUNT
 Name:          MARGIE HASSEN
 Student ID:    1113931
 Phone Number:  8637750733
 Balance:       $20.00

Command: ADDACCOUNT
 Name:          CHARLENE PANDER
 Student ID:    1117002
 Phone Number:  8636988181
 Balance:       $20.00

Command: ADDACCOUNT
 Name:          XUAN CRIBBS
 Student ID:    1112100
 Phone Number:  8639336009
 Balance:       $20.00

Command: ADDACCOUNT
 Name:          SHARMAINE MCENROE
 Student ID:    1115932
 Phone Number:  8636154771
 Balance:       $20.00

Command: ADDACCOUNT
 Name:          NEVA MCCUE
 Student ID:    1115917
 Phone Number:  8633990320
 Balance:       $20.00

Command: ADDACCOUNT
 Name:          ERLINE BATRUM
 Student ID:    1110711
 Phone Number:  8631262406
 Balance:       $20.00

Command: ADDACCOUNT
 Name:          JULIAN THACKSTON
 Student ID:    1119442
 Phone Number:  8635832271
 Balance:       $20.00

Command: ADDACCOUNT
 Name:          GEORGIANN SHEESLEY
 Student ID:    1118491
 Phone Number:  8631119796
 Balance:       $20.00

Command: ADDACCOUNT
 Name:          MILLIE DRIERE
 Student ID:    1112598
 Phone Number:  8637253659
 Balance:       $20.00

Command: ADDACCOUNT
 Name:          IVEY PAILLANT
 Student ID:    1116983
 Phone Number:  8638974178
 Balance:       $20.00

Command: ADDACCOUNT
 Name:          REYES REMUND
 Student ID:    1117711
 Phone Number:  8635789596
 Balance:       $20.00

Command: ADDACCOUNT
 Name:          NOEL BUFFIN
 Student ID:    1111421
 Phone Number:  8637628971
 Balance:       $20.00

Command: ADDACCOUNT
 Name:          SUANNE CANALE
 Student ID:    1111575
 Phone Number:  8635413637
 Balance:       $20.00

Command: ADDACCOUNT
 Name:          EURA MOLTZ
 Student ID:    1116302
 Phone Number:  8638241639
 Balance:       $20.00

Command: ADDACCOUNT
 Name:          ROCHELL MANERY
 Student ID:    1115686
 Phone Number:  8631829149
 Balance:       $20.00

Command: ADDACCOUNT
 Name:          LOUIS TENERY
 Student ID:    1119400
 Phone Number:  8637134349
 Balance:       $20.00

Command: ADDACCOUNT
 Name:          LUCILA GODKIN
 Student ID:    1113490
 Phone Number:  8632518656
 Balance:       $20.00

Command: ADDACCOUNT
 Name:          MALINDA IRON
 Student ID:    1114379
 Phone Number:  8636699484
 Balance:       $20.00

Command: ADDACCOUNT
 Name:          AWILDA SPARGO
 Student ID:    1118914
 Phone Number:  8632212247
 Balance:       $20.00

Command: ADDACCOUNT
 Name:          ZELDA KNEUPER
 Student ID:    1114844
 Phone Number:  8636995547
 Balance:       $20.00

Command: ADDACCOUNT
 Name:          YOLANDA MELLAS
 Student ID:    1116081
 Phone Number:  8636216108
 Balance:       $20.00

Command: ADDACCOUNT
 Name:          MELLIE CLERICO
 Student ID:    1111933
 Phone Number:  8632039588
 Balance:       $20.00

Command: ADDACCOUNT
 Name:          YELENA BLOOMINGDALE
 Student ID:    1111016
 Phone Number:  8638056823
 Balance:       $20.00

Command: ADDACCOUNT
 Name:          KENNY WANCA
 Student ID:    1120008
 Phone Number:  8639404711
 Balance:       $20.00

Command: ADDACCOUNT
 Name:          JC POLTORAK
 Student ID:    1117411
 Phone Number:  8632811087
 Balance:       $20.00

Command: ADDACCOUNT
 Name:          LISANDRA MOCARSKI
 Student ID:    1116276
 Phone Number:  8634564981
 Balance:       $20.00

Command: ADDACCOUNT
 Name:          LAURI LIPHAM
 Student ID:    1115406
 Phone Number:  8637367065
 Balance:       $20.00

Command: ADDACCOUNT
 Name:          SHANE REINING
 Student ID:    1117699
 Phone Number:  8631883740
 Balance:       $20.00

Command: ADDACCOUNT
 Name:          CARMINA TOWN
 Student ID:    1119539
 Phone Number:  8633509442
 Balance:       $20.00

Command: ADDACCOUNT
 Name:          JUDY CANNIFF
 Student ID:    1111595
 Phone Number:  8634458173
 Balance:       $20.00

Command: MAKECALL
Command: MAKECALL
Command: MAKECALL
Command: MAKECALL
Command: MAKECALL
Command: MAKECALL
Command: MAKECALL
Command: MAKECALL
Command: MAKECALL
Command: MAKECALL
Command: MAKECALL
Command: MAKECALL
Command: MAKECALL
Command: MAKECALL
Command: MAKECALL
Command: MAKECALL
Command: MAKECALL
Command: MAKECALL
Command: MAKECALL
Command: RECHARGE
Command: MAKECALL
Command: MAKECALL
Command: SENDTEXT
Command: MAKECALL
Command: SENDTEXT
Command: MAKECALL
Command: MAKECALL
Command: MAKECALL
Command: MAKECALL
Command: MAKECALL
Command: MAKECALL
Command: MAKECALL
Command: SENDTEXT
Command: MAKECALL
Command: MAKECALL
Command: MAKECALL
Command: SENDTEXT
Command: MAKECALL
Command: MAKECALL
Command: MAKECALL
Command: MAKECALL
Command: MAKECALL
Command: MAKECALL
Command: MAKECALL
Command: MAKECALL
Command: MAKECALL
Command: MAKECALL
Command: MAKECALL
Command: MAKECALL
Command: MAKECALL
Command: MAKECALL
Command: MAKECALL
Command: MAKECALL
Command: MAKECALL
Command: MAKECALL
Command: MAKECALL
Command: MAKECALL
Command: SEARCH
Command: MAKECALL
Command: MAKECALL
Command: SENDTEXT
Command: MAKECALL
Command: MAKECALL
Command: MAKECALL
Command: MAKECALL
Command: MAKECALL
Command: MAKECALL
Command: MAKECALL
Command: ADDACCOUNT
 Name:          KAREN JEFFRIE
 Student ID:    1114482
 Phone Number:  8638461980
 Balance:       $20.00

Command: MAKECALL
Command: MAKECALL
Command: SEARCH
Command: MAKECALL
Command: MAKECALL
Command: MAKECALL
Command: SENDTEXT
Command: MAKECALL
Command: MAKECALL
Command: MAKECALL
Command: MAKECALL
Command: MAKECALL
Command: MAKECALL
Command: MAKECALL
Command: MAKECALL
Command: MAKECALL
Command: MAKECALL
Command: MAKECALL
Command: MAKECALL
Command: MAKECALL
Command: MAKECALL
Command: RECHARGE
Command: ADDACCOUNT
 Name:          DEBORA SPRINKEL
 Student ID:    1118955
 Phone Number:  8636290204
 Balance:       $20.00

Command: MAKECALL
Command: MAKECALL
Command: MAKECALL
Command: MAKECALL
Command: MAKECALL
Command: SENDTEXT
Command: MAKECALL
Command: MAKECALL
Command: MAKECALL
Command: MAKECALL
Command: MAKECALL
Command: MAKECALL
Command: MAKECALL
Command: MAKECALL
Command: MAKECALL
Command: MAKECALL
Command: MAKECALL
Command: SENDTEXT
Command: MAKECALL
Command: MAKECALL
Command: MAKECALL
Command: MAKECALL
Command: MAKECALL
Command: MAKECALL
Command: MAKECALL
Command: MAKECALL
Command: MAKECALL
Command: SENDTEXT
Command: MAKECALL
Command: MAKECALL
Command: MAKECALL
Command: MAKECALL
Command: MAKECALL
Command: MAKECALL
Command: MAKECALL
Command: MAKECALL
Command: MAKECALL
Command: MAKECALL
Command: MAKECALL
Command: MAKECALL
Command: MAKECALL
Command: SEARCH
Command: SENDTEXT
Command: MAKECALL
Command: MAKECALL
Command: MAKECALL
Command: MAKECALL
Command: MAKECALL
Command: MAKECALL
Command: MAKECALL
Command: MAKECALL
Command: MAKECALL
Command: MAKECALL
Command: MAKECALL
Command: MAKECALL
Command: MAKECALL
Command: MAKECALL
Command: MAKECALL
Command: MAKECALL
Command: MAKECALL
Command: MAKECALL
Command: MAKECALL
Command: DELETEACCOUNT
Command: MAKECALL
Command: MAKECALL
Command: MAKECALL
Command: MAKECALL
Command: MAKECALL
Command: MAKECALL
Command: MAKECALL
Command: MAKECALL
Command: MAKECALL
Command: MAKECALL
Command: MAKECALL
Command: MAKECALL
Command: MAKECALL
Command: MAKECALL
Command: RECHARGE
Command: MAKECALL
Command: SENDTEXT
Command: MAKECALL
Command: MAKECALL
Command: MAKECALL
Command: MAKECALL
Command: MAKECALL
Command: MAKECALL
Command: MAKECALL
Command: MAKECALL
Command: SENDTEXT
Command: MAKECALL
Command: MAKECALL
Command: MAKECALL
Command: MAKECALL
Command: MAKECALL
Command: DISPLAYDETAILS
Command: MAKECALL
Command: MAKECALL
Command: MAKECALL
Command: SENDTEXT
Command: DISPLAYDETAILS
Command: MAKECALL
Command: MAKECALL
Command: MAKECALL
Command: DISPLAYDETAILS
Command: MAKECALL
Command: SENDTEXT
Command: MAKECALL
Command: MAKECALL
Command: MAKECALL
Command: MAKECALL
Command: MAKECALL
Command: MAKECALL
Command: MAKECALL
Command: MAKECALL
Command: MAKECALL
Command: MAKECALL
Command: MAKECALL
Command: MAKECALL
Command: MAKECALL
Command: MAKECALL
Command: MAKECALL
Command: MAKECALL
Command: MAKECALL
Command: MAKECALL
Command: MAKECALL
Command: MAKECALL
Command: MAKECALL
Command: MAKECALL
Command: MAKECALL
Command: MAKECALL
Command: MAKECALL
Command: MAKECALL
Command: MAKECALL
Command: MAKECALL
Command: MAKECALL
Command: MAKECALL
Command: MAKECALL
Command: MAKECALL
Command: MAKECALL
Command: MAKECALL
Command: MAKECALL
Command: MAKECALL
Command: MAKECALL
Command: MAKECALL
Command: MAKECALL
Command: MAKECALL
Command: MAKECALL
Command: MAKECALL
Command: MAKECALL
Command: MAKECALL
Command: MAKECALL
Command: MAKECALL
Command: MAKECALL
Command: MAKECALL
Command: MAKECALL
Command: MAKECALL
Command: MAKECALL
Command: MAKECALL
Command: MAKECALL
Command: MAKECALL
Command: MAKECALL
Command: MAKECALL
Command: MAKECALL
Command: MAKECALL
Command: MAKECALL
Command: MAKECALL
Command: MAKECALL
Command: MAKECALL
Command: MAKECALL
Command: SENDTEXT
Command: MAKECALL
Command: MAKECALL
Command: MAKECALL
Command: MAKECALL
Command: MAKECALL
Command: MAKECALL
Command: MAKECALL
Command: MAKECALL
Command: MAKECALL
Command: MAKECALL
Command: MAKECALL
Command: MAKECALL
Command: SENDTEXT
Command: MAKECALL
Command: MAKECALL
Command: MAKECALL
Command: MAKECALL
Command: MAKECALL
Command: MAKECALL
Command: MAKECALL
Command: MAKECALL
Command: MAKECALL
Command: MAKECALL
Command: RECHARGE
Command: MAKECALL
Command: MAKECALL
Command: SENDTEXT
Command: MAKECALL
Command: MAKECALL
Command: MAKECALL
Command: MAKECALL
Command: MAKECALL
Command: MAKECALL
Command: MAKECALL
Command: MAKECALL
Command: MAKECALL
Command: MAKECALL
Command: MAKECALL
Command: MAKECALL
Command: MAKECALL
Command: MAKECALL
Command: MAKECALL
Command: MAKECALL
Command: SENDTEXT
Command: MAKECALL
Command: MAKECALL
Command: MAKECALL
Command: MAKECALL
Command: MAKECALL
Command: SENDTEXT
Command: MAKECALL
Command: MAKECALL
Command: MAKECALL
Command: MAKECALL
Command: MAKECALL
Command: MAKECALL
Command: MAKECALL
Command: MAKECALL
Command: MAKECALL
Command: MAKECALL
Command: MAKECALL
Command: MAKECALL
Command: MAKECALL
Command: MAKECALL
Command: SENDTEXT
Command: MAKECALL
Command: MAKECALL
Command: MAKECALL
Command: MAKECALL
Command: MAKECALL
Command: MAKECALL
Command: MAKECALL
Command: MAKECALL
Command: SENDTEXT
Command: MAKECALL
Command: MAKECALL
Command: MAKECALL
Command: MAKECALL
Command: MAKECALL
Command: MAKECALL
Command: MAKECALL
Command: MAKECALL
Command: MAKECALL
Command: MAKECALL
Command: MAKECALL
Command: MAKECALL
Command: MAKECALL
Command: MAKECALL
Command: MAKECALL
Command: MAKECALL
Command: MAKECALL
Command: MAKECALL
Command: MAKECALL
Command: MAKECALL
Command: MAKECALL
Command: MAKECALL
Command: MAKECALL
Command: MAKECALL
Command: MAKECALL
Command: MAKECALL
Command: MAKECALL
Command: MAKECALL
Command: MAKECALL
Command: MAKECALL
Command: MAKECALL
Command: MAKECALL
Command: MAKECALL
Command: MAKECALL
Command: MAKECALL
Command: MAKECALL
Command: MAKECALL
Command: MAKECALL
Command: MAKECALL
Command: MAKECALL
Command: MAKECALL
Command: SENDTEXT
Command: MAKECALL
Command: SENDTEXT
Command: MAKECALL
Command: MAKECALL
Command: MAKECALL
Command: MAKECALL
Command: MAKECALL
Command: MAKECALL
Command: MAKECALL
Command: SENDTEXT
Command: MAKECALL
Command: MAKECALL
Command: MAKECALL
Command: MAKECALL
Command: MAKECALL
Command: MAKECALL
Command: MAKECALL
Command: MAKECALL
Command: MAKECALL
Command: MAKECALL
Command: MAKECALL
Command: MAKECALL
Command: MAKECALL
Command: MAKECALL
Command: MAKECALL
Command: MAKECALL
Command: MAKECALL
Command: MAKECALL
Command: MAKECALL
Command: MAKECALL
Command: MAKECALL
Command: MAKECALL
Command: MAKECALL
Command: MAKECALL
Command: MAKECALL
Command: MAKECALL
Command: MAKECALL
Command: MAKECALL
Command: MAKECALL
Command: MAKECALL
Command: MAKECALL
Command: MAKECALL
Command: MAKECALL
Command: MAKECALL
Command: MAKECALL
Command: MAKECALL
Command: MAKECALL
Command: MAKECALL
Command: MAKECALL
Command: MAKECALL
Command: MAKECALL
Command: MAKECALL
Command: MAKECALL
Command: MAKECALL
Command: MAKECALL
Command: MAKECALL
Command: MAKECALL
Command: MAKECALL
Command: MAKECALL
Command: MAKECALL
Command: MAKECALL
Command: MAKECALL
Command: MAKECALL
Command: MAKECALL
Command: MAKECALL
Command: MAKECALL
Command: MAKECALL
Command: MAKECALL
Command: MAKECALL
Command: MAKECALL
Command: MAKECALL
Command: MAKECALL
Command: MAKECALL
Command: MAKECALL
Command: MAKECALL
Command: MAKECALL
Command: SENDTEXT
Command: SEARCH
Command: MAKECALL
Command: MAKECALL
Command: RECHARGE
Command: MAKECALL
Command: SENDTEXT
Command: SENDTEXT
Command: MAKECALL
Command: MAKECALL
Command: MAKECALL
Command: MAKECALL
Command: MAKECALL
Command: MAKECALL
Command: MAKECALL
Command: MAKECALL
Command: MAKECALL
Command: MAKECALL
Command: MAKECALL
Command: MAKECALL
Command: MAKECALL
Command: MAKECALL
Command: MAKECALL
Command: MAKECALL
Command: MAKECALL
Command: SEARCH
Command: SENDTEXT
Command: MAKECALL
Command: MAKECALL
Command: SENDTEXT
Command: MAKECALL
Command: MAKECALL
Command: MAKECALL
Command: MAKECALL
Command: MAKECALL
Command: MAKECALL
Command: MAKECALL
Command: MAKECALL
Command: MAKECALL
Command: MAKECALL
Command: SENDTEXT
Command: MAKECALL
Command: MAKECALL
Command: SENDTEXT
Command: MAKECALL
Command: MAKECALL
Command: MAKECALL
Command: MAKECALL
Command: MAKECALL
Command: MAKECALL
Command: MAKECALL
Command: MAKECALL
Command: MAKECALL
Command: MAKECALL
Command: MAKECALL
Command: MAKECALL
Command: MAKECALL
Command: MAKECALL
Command: MAKECALL
Command: MAKECALL
Command: MAKECALL
Command: MAKECALL
Command: MAKECALL
Command: MAKECALL
Command: MAKECALL
Command: MAKECALL
Command: MAKECALL
Command: MAKECALL
Command: MAKECALL
Command: MAKECALL
Command: MAKECALL
Command: MAKECALL
Command: MAKECALL
Command: MAKECALL
Command: MAKECALL
Command: MAKECALL
Command: MAKECALL
Command: MAKECALL
Command: MAKECALL
Command: MAKECALL
Command: MAKECALL
Command: MAKECALL
Command: MAKECALL
Command: MAKECALL
Command: MAKECALL
Command: MAKECALL
Command: MAKECALL
Command: MAKECALL
Command: MAKECALL
Command: MAKECALL
Command: MAKECALL
Command: MAKECALL
Command: MAKECALL
Command: MAKECALL
Command: MAKECALL
Command: MAKECALL
Command: MAKECALL
Command: MAKECALL
Command: MAKECALL
Command: MAKECALL
Command: MAKECALL
Command: MAKECALL
Command: MAKECALL
Command: MAKECALL
Command: MAKECALL
Command: MAKECALL
Command: MAKECALL
Command: MAKECALL
Command: MAKECALL
Command: MAKECALL
Command: MAKECALL
Command: MAKECALL
Command: MAKECALL
Command: MAKECALL
Command: DISPLAYDETAILS
Command: MAKECALL
Command: MAKECALL
Command: MAKECALL
Command: MAKECALL
Command: MAKECALL
Command: MAKECALL
Command: MAKECALL
Command: MAKECALL
Command: MAKECALL
Command: MAKECALL
Command: MAKECALL
Command: MAKECALL
Command: MAKECALL
Command: MAKECALL
Command: MAKECALL
Command: MAKECALL
Command: SENDTEXT
Command: MAKECALL
Command: MAKECALL
Command: MAKECALL
Command: MAKECALL
Command: SENDTEXT
Command: MAKECALL
Command: MAKECALL
Command: MAKECALL
Command: MAKECALL
Command: MAKECALL
Command: MAKECALL
Command: MAKECALL
Command: MAKECALL
Command: MAKECALL
Command: MAKECALL
Command: MAKECALL
Command: MAKECALL
Command: MAKECALL
Command: MAKECALL
Command: MAKECALL
Command: MAKECALL
Command: SENDTEXT
Command: MAKECALL
Command: MAKECALL
Command: MAKECALL
Command: MAKECALL
Command: MAKECALL
Command: MAKECALL
Command: SENDTEXT
Command: MAKECALL
Command: MAKECALL
Command: MAKECALL
Command: MAKECALL
Command: MAKECALL
Command: MAKECALL
Command: MAKECALL
Command: ADDACCOUNT
 Name:          ARIANNA STARLEY
 Student ID:    1119007
 Phone Number:  8635309322
 Balance:       $20.00

Command: MAKECALL
Command: MAKECALL
Command: MAKECALL
Command: MAKECALL
Command: MAKECALL
Command: MAKECALL
Command: MAKECALL
Command: SENDTEXT
Command: MAKECALL
Command: MAKECALL
Command: MAKECALL
Command: MAKECALL
Command: MAKECALL
Command: MAKECALL
Command: MAKECALL
Command: MAKECALL
Command: MAKECALL
Command: MAKECALL
Command: MAKECALL
Command: SENDTEXT
Command: MAKECALL
Command: MAKECALL
Command: MAKECALL
Command: MAKECALL
Command: MAKECALL
Command: MAKECALL
Command: MAKECALL
Command: MAKECALL
Command: MAKECALL
Command: MAKECALL
Command: MAKECALL
Command: MAKECALL
Command: MAKECALL
Command: MAKECALL
Command: MAKECALL
Command: MAKECALL
Command: MAKECALL
Command: MAKECALL
Command: MAKECALL
Command: MAKECALL
Command: MAKECALL
Command: MAKECALL
Command: MAKECALL
Command: MAKECALL
Command: MAKECALL
Command: MAKECALL
Command: MAKECALL
Command: RECHARGE
Command: MAKECALL
Command: MAKECALL
Command: MAKECALL
Command: MAKECALL
Command: MAKECALL
Command: SENDTEXT
Command: MAKECALL
Command: MAKECALL
Command: MAKECALL
Command: MAKECALL
Command: MAKECALL
Command: MAKECALL
Command: MAKECALL
Command: MAKECALL
Command: MAKECALL
Command: MAKECALL
Command: MAKECALL
Command: ADDACCOUNT
 Name:          NICHOL PRESIDENT
 Student ID:    1117460
 Phone Number:  8637956641
 Balance:       $20.00

Command: MAKECALL
Command: MAKECALL
Command: MAKECALL
Command: MAKECALL
Command: MAKECALL
Command: MAKECALL
Command: MAKECALL
Command: MAKECALL
Command: MAKECALL
Command: MAKECALL
Command: MAKECALL
Command: MAKECALL
Command: MAKECALL
Command: MAKECALL
Command: MAKECALL
Command: SENDTEXT
Command: MAKECALL
Command: MAKECALL
Command: MAKECALL
Command: MAKECALL
Command: MAKECALL
Command: MAKECALL
Command: MAKECALL
Command: MAKECALL
Command: MAKECALL
Command: MAKECALL
Command: MAKECALL
Command: MAKECALL
Command: MAKECALL
Command: MAKECALL
Command: MAKECALL
Command: MAKECALL
Command: MAKECALL
Command: MAKECALL
Command: MAKECALL
Command: MAKECALL
Command: MAKECALL
Command: MAKECALL
Command: SENDTEXT
Command: MAKECALL
Command: MAKECALL
Command: MAKECALL
Command: MAKECALL
Command: MAKECALL
Command: MAKECALL
Command: MAKECALL
Command: MAKECALL
Command: MAKECALL
Command: MAKECALL
Command: MAKECALL
Command: MAKECALL
Command: MAKECALL
Command: MAKECALL
Command: MAKECALL
Command: MAKECALL
Command: MAKECALL
Command: MAKECALL
Command: MAKECALL
Command: MAKECALL
Command: MAKECALL
Command: MAKECALL
Command: MAKECALL
Command: MAKECALL
Command: MAKECALL
Command: MAKECALL
Command: MAKECALL
Command: MAKECALL
Command: MAKECALL
Command: MAKECALL
Command: MAKECALL
Command: MAKECALL
Command: MAKECALL
Command: MAKECALL
Command: MAKECALL
Command: SENDTEXT
Command: MAKECALL
Command: MAKECALL
Command: MAKECALL
Command: DISPLAYDETAILS
Command: MAKECALL
Command: MAKECALL
Command: MAKECALL
Command: MAKECALL
Command: MAKECALL
Command: MAKECALL
Command: MAKECALL
Command: MAKECALL
Command: RECHARGE
Command: MAKECALL
Command: MAKECALL
Command: MAKECALL
Command: MAKECALL
Command: MAKECALL
Command: MAKECALL
Command: ADDACCOUNT
 Name:          LARAINE GRAMZA
 Student ID:    1113643
 Phone Number:  8633975524
 Balance:       $20.00

Command: SENDTEXT
Command: MAKECALL
Command: MAKECALL
Command: MAKECALL
Command: MAKECALL
Command: MAKECALL
Command: MAKECALL
Command: MAKECALL
Command: MAKECALL
Command: MAKECALL
Command: MAKECALL
Command: MAKECALL
Command: MAKECALL
Command: MAKECALL
Command: SENDTEXT
Command: SENDTEXT
Command: MAKECALL
Command: MAKECALL
Command: MAKECALL
Command: MAKECALL
Command: MAKECALL
Command: MAKECALL
Command: MAKECALL
Command: MAKECALL
Command: SENDTEXT
Command: MAKECALL
Command: MAKECALL
Command: MAKECALL
Command: MAKECALL
Command: MAKECALL
Command: MAKECALL
Command: SENDTEXT
Command: MAKECALL
Command: MAKECALL
Command: MAKECALL
Command: MAKECALL
Command: MAKECALL
Command: DISPLAYDETAILS
Command: MAKECALL
Command: MAKECALL
Command: MAKECALL
Command: MAKECALL
Command: MAKECALL
Command: MAKECALL
Command: MAKECALL
Command: MAKECALL
Command: MAKECALL
Command: MAKECALL
Command: MAKECALL
Command: MAKECALL
Command: MAKECALL
Command: MAKECALL
Command: MAKECALL
Command: MAKECALL
Command: SENDTEXT
Command: MAKECALL
Command: MAKECALL
Command: MAKECALL
Command: MAKECALL
Command: MAKECALL
Command: MAKECALL
Command: MAKECALL
Command: MAKECALL
Command: MAKECALL
Command: SENDTEXT
Command: MAKECALL
Command: MAKECALL
Command: MAKECALL
Command: MAKECALL
Command: MAKECALL
Command: MAKECALL
Command: MAKECALL
Command: MAKECALL
Command: MAKECALL
Command: MAKECALL
Command: MAKECALL
Command: MAKECALL
Command: MAKECALL
Command: MAKECALL
Command: MAKECALL
Command: MAKECALL
Command: MAKECALL
Command: MAKECALL
Command: MAKECALL
Command: MAKECALL
Command: MAKECALL
Command: MAKECALL
Command: MAKECALL
Command: MAKECALL
Command: MAKECALL
Command: MAKECALL
Command: MAKECALL
Command: MAKECALL
Command: MAKECALL
Command: MAKECALL
Command: MAKECALL
Command: MAKECALL
Command: MAKECALL
Command: MAKECALL
Command: MAKECALL
Command: SENDTEXT
Command: MAKECALL
Command: SENDTEXT
Command: MAKECALL
Command: MAKECALL
Command: MAKECALL
Command: MAKECALL
Command: MAKECALL
Command: MAKECALL
Command: MAKECALL
Command: MAKECALL
Command: SENDTEXT
Command: MAKECALL
Command: MAKECALL
Command: MAKECALL
Command: MAKECALL
Command: MAKECALL
Command: MAKECALL
Command: MAKECALL
Command: MAKECALL
Command: MAKECALL
Command: MAKECALL
Command: MAKECALL
Command: MAKECALL
Command: MAKECALL
Command: MAKECALL
Command: MAKECALL
Command: MAKECALL
Command: MAKECALL
Command: MAKECALL
Command: MAKECALL
Command: MAKECALL
Command: MAKECALL
Command: MAKECALL
Command: MAKECALL
Command: MAKECALL
Command: SENDTEXT
Command: MAKECALL
Command: MAKECALL
Command: MAKECALL
Command: MAKECALL
Command: MAKECALL
Command: MAKECALL
Command: MAKECALL
Command: MAKECALL
Command: MAKECALL
Command: MAKECALL
Command: MAKECALL
Command: MAKECALL
Command: MAKECALL
Command: MAKECALL
Command: MAKECALL
Command: MAKECALL
Command: MAKECALL
Command: MAKECALL
Command: MAKECALL
Command: MAKECALL
Command: MAKECALL
Command: MAKECALL
Command: MAKECALL
Command: MAKECALL
Command: MAKECALL
Command: MAKECALL
Command: MAKECALL
Command: MAKECALL
Command: MAKECALL
Command: MAKECALL
Command: MAKECALL
Command: MAKECALL
Command: MAKECALL
Command: MAKECALL
Command: MAKECALL
Command: MAKECALL
Command: MAKECALL
Command: MAKECALL
Command: SENDTEXT
Command: MAKECALL
Command: MAKECALL
Command: MAKECALL
Command: MAKECALL
Command: MAKECALL
Command: SENDTEXT
Command: MAKECALL
Command: MAKECALL
Command: SENDTEXT
Command: MAKECALL
Command: MAKECALL
Command: MAKECALL
Command: MAKECALL
Command: MAKECALL
Command: MAKECALL
Command: SENDTEXT
Command: MAKECALL
Command: MAKECALL
Command: MAKECALL
Command: MAKECALL
Command: MAKECALL
Command: MAKECALL
Command: MAKECALL
Command: SENDTEXT
Command: MAKECALL
Command: MAKECALL
Command: MAKECALL
Command: MAKECALL
Command: MAKECALL
Command: MAKECALL
Command: MAKECALL
Command: MAKECALL
Command: MAKECALL
Command: MAKECALL
Command: MAKECALL
Command: MAKECALL
Command: ADDACCOUNT
 Name:          LATORIA BOGATAY
 Student ID:    1111076
 Phone Number:  8632179911
 Balance:       $20.00

Command: MAKECALL
Command: MAKECALL
Command: MAKECALL
Command: MAKECALL
Command: MAKECALL
Command: MAKECALL
Command: MAKECALL
Command: MAKECALL
Command: MAKECALL
Command: MAKECALL
Command: MAKECALL
Command: MAKECALL
Command: MAKECALL
Command: MAKECALL
Command: MAKECALL
Command: MAKECALL
Command: MAKECALL
Command: MAKECALL
Command: MAKECALL
Command: MAKECALL
Command: MAKECALL
Command: MAKECALL
Command: MAKECALL
Command: MAKECALL
Command: MAKECALL
Command: MAKECALL
Command: MAKECALL
Command: MAKECALL
Command: MAKECALL
Command: MAKECALL
Command: MAKECALL
Command: MAKECALL
Command: MAKECALL
Command: MAKECALL
Command: MAKECALL
Command: MAKECALL
Command: MAKECALL
Command: MAKECALL
Command: MAKECALL
Command: MAKECALL
Command: MAKECALL
Command: MAKECALL
Command: SENDTEXT
Command: MAKECALL
Command: MAKECALL
Command: MAKECALL
Command: MAKECALL
Command: MAKECALL
Command: MAKECALL
Command: DISPLAYDETAILS
Command: MAKECALL
Command: MAKECALL
Command: MAKECALL
Command: MAKECALL
Command: MAKECALL
Command: MAKECALL
Command: MAKECALL
Command: MAKECALL
Command: MAKECALL
Command: MAKECALL
Command: MAKECALL
Command: MAKECALL
Command: MAKECALL
Command: MAKECALL
Command: MAKECALL
Command: SENDTEXT
Command: MAKECALL
Command: MAKECALL
Command: MAKECALL
Command: MAKECALL
Command: MAKECALL
Command: MAKECALL
Command: MAKECALL
Command: SENDTEXT
Command: MAKECALL
Command: MAKECALL
Command: ADDACCOUNT
 Name:          FEDERICO SPIEWAK
 Student ID:    1118933
 Phone Number:  8639023860
 Balance:       $20.00

Command: MAKECALL
Command: MAKECALL
Command: MAKECALL
Command: MAKECALL
Command: MAKECALL
Command: MAKECALL
Command: MAKECALL
Command: SENDTEXT
Command: MAKECALL
Command: MAKECALL
Command: MAKECALL
Command: MAKECALL
Command: MAKECALL
Command: MAKECALL
Command: MAKECALL
Command: MAKECALL
Command: MAKECALL
Command: MAKECALL
Command: MAKECALL
Command: MAKECALL
Command: MAKECALL
Command: MAKECALL
Command: MAKECALL
Command: MAKECALL
Command: MAKECALL
Command: MAKECALL
Command: MAKECALL
Command: ADDACCOUNT
 Name:          DENISSE GALLEMORE
 Student ID:    1113240
 Phone Number:  8639166174
 Balance:       $20.00

Command: MAKECALL
Command: MAKECALL
Command: MAKECALL
Command: MAKECALL
Command: MAKECALL
Command: MAKECALL
Command: MAKECALL
Command: MAKECALL
Command: MAKECALL
Command: MAKECALL
Command: RECHARGE
Command: MAKECALL
Command: MAKECALL
Command: MAKECALL
Command: MAKECALL
Command: MAKECALL
Command: MAKECALL
Command: MAKECALL
Command: MAKECALL
Command: MAKECALL
Command: MAKECALL
Command: MAKECALL
Command: MAKECALL
Command: MAKECALL
Command: MAKECALL
Command: MAKECALL
Command: MAKECALL
Command: MAKECALL
Command: MAKECALL
Command: MAKECALL
Command: MAKECALL
Command: MAKECALL
Command: MAKECALL
Command: MAKECALL
Command: MAKECALL
Command: MAKECALL
Command: MAKECALL
Command: MAKECALL
Command: MAKECALL
Command: MAKECALL
Command: MAKECALL
Command: MAKECALL
Command: MAKECALL
Command: MAKECALL
Command: MAKECALL
Command: MAKECALL
Command: MAKECALL
Command: MAKECALL
Command: MAKECALL
Command: MAKECALL
Command: MAKECALL
Command: MAKECALL
Command: MAKECALL
Command: MAKECALL
Command: MAKECALL
Command: MAKECALL
Command: MAKECALL
Command: MAKECALL
Command: MAKECALL
Command: SEARCH
Command: MAKECALL
Command: MAKECALL
Command: MAKECALL
Command: DISPLAYDETAILS
Command: MAKECALL
Command: MAKECALL
Command: MAKECALL
Command: MAKECALL
Command: SENDTEXT
Command: MAKECALL
Command: MAKECALL
Command: MAKECALL
Command: MAKECALL
Command: MAKECALL
Command: MAKECALL
Command: MAKECALL
Command: MAKECALL
Command: MAKECALL
Command: MAKECALL
Command: MAKECALL
Command: MAKECALL
Command: MAKECALL
Command: MAKECALL
Command: MAKECALL
Command: MAKECALL
Command: MAKECALL
Command: MAKECALL
Command: MAKECALL
Command: MAKECALL
Command: MAKECALL
Command: MAKECALL
Command: MAKECALL
Command: MAKECALL
Command: MAKECALL
Command: MAKECALL
Command: MAKECALL
Command: MAKECALL
Command: MAKECALL
Command: MAKECALL
Command: MAKECALL
Command: MAKECALL
Command: MAKECALL
Command: SENDTEXT
Command: MAKECALL
Command: MAKECALL
Command: SENDTEXT
Command: MAKECALL
Command: MAKECALL
Command: MAKECALL
Command: MAKECALL
Command: MAKECALL
Command: MAKECALL
Command: MAKECALL
Command: DISPLAYDETAILS
Command: MAKECALL
Command: SENDTEXT
Command: MAKECALL
Command: MAKECALL
Command: MAKECALL
Command: MAKECALL
Command: MAKECALL
Command: MAKECALL
Command: MAKECALL
Command: MAKECALL
Command: DISPLAYDETAILS
Command: MAKECALL
Command: MAKECALL
Command: MAKECALL
Command: MAKECALL
Command: MAKECALL
Command: MAKECALL
Command: MAKECALL
Command: MAKECALL
Command: MAKECALL
Command: MAKECALL
Command: MAKECALL
Command: MAKECALL
Command: MAKECALL
Command: MAKECALL
Command: MAKECALL
Command: SENDTEXT
Command: MAKECALL
Command: MAKECALL
Command: MAKECALL
Command: MAKECALL
Command: MAKECALL
Command: MAKECALL
Command: MAKECALL
Command: MAKECALL
Command: MAKECALL
Command: MAKECALL
Command: SENDTEXT
Command: MAKECALL
Command: MAKECALL
Command: MAKECALL
Command: MAKECALL
Command: MAKECALL
Command: MAKECALL
Command: MAKECALL
Command: MAKECALL
Command: MAKECALL
Command: MAKECALL
Command: MAKECALL
Command: MAKECALL
Command: MAKECALL
Command: DISPLAYDETAILS
Command: MAKECALL
Command: MAKECALL
Command: MAKECALL
Command: MAKECALL
Command: MAKECALL
Command: MAKECALL
Command: MAKECALL
Command: MAKECALL
Command: MAKECALL
Command: MAKECALL
Command: MAKECALL
Command: MAKECALL
Command: MAKECALL
Command: MAKECALL
Command: MAKECALL
Command: MAKECALL
Command: SENDTEXT
Command: MAKECALL
Command: MAKECALL
Command: MAKECALL
Command: MAKECALL
Command: MAKECALL
Command: MAKECALL
Command: MAKECALL
Command: MAKECALL
Command: MAKECALL
Command: MAKECALL
Command: MAKECALL
Command: MAKECALL
Command: MAKECALL
Command: MAKECALL
Command: MAKECALL
Command: MAKECALL
Command: MAKECALL
Command: MAKECALL
Command: MAKECALL
Command: MAKECALL
Command: MAKECALL
Command: SENDTEXT
Command: MAKECALL
Command: MAKECALL
Command: MAKECALL
Command: MAKECALL
Command: MAKECALL
Command: MAKECALL
Command: MAKECALL
Command: MAKECALL
Command: DELETEACCOUNT
Command: MAKECALL
Command: MAKECALL
Command: MAKECALL
Command: MAKECALL
Command: DISPLAYDETAILS
Command: MAKECALL
Command: MAKECALL
Command: MAKECALL
Command: ADDACCOUNT
 Name:          EDDY HERSHNOWITZ
 Student ID:    1114119
 Phone Number:  8638311725
 Balance:       $20.00

Command: MAKECALL
Command: MAKECALL
Command: MAKECALL
Command: MAKECALL
Command: MAKECALL
Command: MAKECALL
Command: MAKECALL
Command: MAKECALL
Command: MAKECALL
Command: MAKECALL
Command: MAKECALL
Command: MAKECALL
Command: MAKECALL
Command: MAKECALL
Command: MAKECALL
Command: MAKECALL
Command: MAKECALL
Command: MAKECALL
Command: SENDTEXT
Command: MAKECALL
Command: MAKECALL
Command: MAKECALL
Command: MAKECALL
Command: MAKECALL
Command: MAKECALL
Command: MAKECALL
Command: MAKECALL
Command: MAKECALL
Command: MAKECALL
Command: MAKECALL
Command: MAKECALL
Command: MAKECALL
Command: MAKECALL
Command: MAKECALL
Command: RECHARGE
Command: MAKECALL
Command: MAKECALL
Command: MAKECALL
Command: MAKECALL
Command: MAKECALL
Command: MAKECALL
Command: MAKECALL
Command: MAKECALL
Command: MAKECALL
Command: MAKECALL
Command: MAKECALL
Command: MAKECALL
Command: MAKECALL
Command: SENDTEXT
Command: MAKECALL
Command: MAKECALL
Command: MAKECALL
Command: MAKECALL
Command: MAKECALL
Command: MAKECALL
Command: DISPLAYDETAILS
Command: MAKECALL
Command: MAKECALL
Command: MAKECALL
Command: MAKECALL
Command: MAKECALL
Command: MAKECALL
Command: MAKECALL
Command: MAKECALL
Command: MAKECALL
Command: MAKECALL
Command: MAKECALL
Command: MAKECALL
Command: MAKECALL
Command: MAKECALL
Command: MAKECALL
Command: MAKECALL
Command: MAKECALL
Command: DELETEACCOUNT
Command: MAKECALL
Command: MAKECALL
Command: MAKECALL
Command: MAKECALL
Command: MAKECALL
Command: MAKECALL
Command: MAKECALL
Command: MAKECALL
Command: MAKECALL
Command: MAKECALL
Command: MAKECALL
Command: MAKECALL
Command: MAKECALL
Command: MAKECALL
Command: MAKECALL
Command: MAKECALL
Command: MAKECALL
Command: MAKECALL
Command: MAKECALL
Command: MAKECALL
Command: MAKECALL
Command: MAKECALL
Command: MAKECALL
Command: MAKECALL
Command: MAKECALL
Command: MAKECALL
Command: MAKECALL
Command: MAKECALL
Command: MAKECALL
Command: MAKECALL
Command: MAKECALL
Command: MAKECALL
Command: MAKECALL
Command: MAKECALL
Command: MAKECALL
Command: MAKECALL
Command: MAKECALL
Command: MAKECALL
Command: MAKECALL
Command: MAKECALL
Command: MAKECALL
Command: MAKECALL
Command: MAKECALL
Command: MAKECALL
Command: MAKECALL
Command: MAKECALL
Command: MAKECALL
Command: MAKECALL
Command: MAKECALL
Command: MAKECALL
Command: MAKECALL
Command: MAKECALL
Command: MAKECALL
Command: MAKECALL
Command: MAKECALL
Command: MAKECALL
Command: MAKECALL
Command: MAKECALL
Command: MAKECALL
Command: MAKECALL
Command: MAKECALL
Command: RECHARGE
Command: MAKECALL
Command: MAKECALL
Command: MAKECALL
Command: MAKECALL
Command: SENDTEXT
Command: MAKECALL
Command: SENDTEXT
Command: MAKECALL
Command: MAKECALL
Command: MAKECALL
Command: MAKECALL
Command: MAKECALL
Command: MAKECALL
Command: MAKECALL
Command: MAKECALL
Command: MAKECALL
Command: MAKECALL
Command: MAKECALL
Command: MAKECALL
Command: ADDACCOUNT
 Name:          CHERISE ARGULEWICZ
 Student ID:    1110525
 Phone Number:  8635516997
 Balance:       $20.00

Command: MAKECALL
Command: ADDACCOUNT
 Name:          MARYBELLE ZEMLICKA
 Student ID:    1120409
 Phone Number:  8639495440
 Balance:       $20.00

Command: MAKECALL
Command: MAKECALL
Command: MAKECALL
Command: MAKECALL
Command: MAKECALL
Command: MAKECALL
Command: MAKECALL
Command: MAKECALL
Command: MAKECALL
Command: MAKECALL
Command: MAKECALL
Command: MAKECALL
Command: MAKECALL
Command: MAKECALL
Command: MAKECALL
Command: MAKECALL
Command: MAKECALL
Command: MAKECALL
Command: MAKECALL
Command: MAKECALL
Command: MAKECALL
Command: MAKECALL
Command: MAKECALL
Command: MAKECALL
Command: MAKECALL
Command: MAKECALL
Command: MAKECALL
Command: MAKECALL
Command: MAKECALL
Command: MAKECALL
Command: MAKECALL
Command: MAKECALL
Command: SENDTEXT
Command: MAKECALL
Command: MAKECALL
Command: MAKECALL
Command: MAKECALL
Command: RECHARGE
Command: MAKECALL
Command: MAKECALL
Command: MAKECALL
Command: MAKECALL
Command: SENDTEXT
Command: MAKECALL
Command: MAKECALL
Command: MAKECALL
Command: MAKECALL
Command: MAKECALL
Command: MAKECALL
Command: MAKECALL
Command: MAKECALL
Command: MAKECALL
Command: MAKECALL
Command: MAKECALL
Command: MAKECALL
Command: SENDTEXT
Command: MAKECALL
Command: MAKECALL
Command: MAKECALL
Command: MAKECALL
Command: MAKECALL
Command: MAKECALL
Command: MAKECALL
Command: MAKECALL
Command: MAKECALL
Command: DISPLAYDETAILS
Command: MAKECALL
Command: MAKECALL
Command: MAKECALL
Command: MAKECALL
Command: MAKECALL
Command: MAKECALL
Command: MAKECALL
Command: MAKECALL
Command: MAKECALL
Command: MAKECALL
Command: MAKECALL
Command: MAKECALL
Command: MAKECALL
Command: MAKECALL
Command: MAKECALL
Command: MAKECALL
Command: MAKECALL
Command: MAKECALL
Command: MAKECALL
Command: MAKECALL
Command: MAKECALL
Command: MAKECALL
Command: MAKECALL
Command: MAKECALL
Command: MAKECALL
Command: MAKECALL
Command: MAKECALL
Command: MAKECALL
Command: MAKECALL
Command: MAKECALL
Command: MAKECALL
Command: MAKECALL
Command: MAKECALL
Command: MAKECALL
Command: SENDTEXT
Command: MAKECALL
Command: MAKECALL
Command: SENDTEXT
Command: MAKECALL
Command: MAKECALL
Command: MAKECALL
Command: MAKECALL
Command: MAKECALL
Command: MAKECALL
Command: MAKECALL
Command: MAKECALL
Command: MAKECALL
Command: MAKECALL
Command: MAKECALL
Command: MAKECALL
Command: MAKECALL
Command: MAKECALL
Command: MAKECALL
Command: MAKECALL
Command: MAKECALL
Command: MAKECALL
Command: MAKECALL
Command: MAKECALL
Command: MAKECALL
Command: MAKECALL
Command: MAKECALL
Command: MAKECALL
Command: MAKECALL
Command: MAKECALL
Command: MAKECALL
Command: MAKECALL
Command: SENDTEXT
Command: MAKECALL
Command: MAKECALL
Command: MAKECALL
Command: MAKECALL
Command: MAKECALL
Command: MAKECALL
Command: MAKECALL
Command: MAKECALL
Command: MAKECALL
Command: MAKECALL
Command: SENDTEXT
Command: MAKECALL
Command: MAKECALL
Command: MAKECALL
Command: MAKECALL
Command: MAKECALL
Command: MAKECALL
Command: MAKECALL
Command: MAKECALL
Command: MAKECALL
Command: MAKECALL
Command: MAKECALL
Command: MAKECALL
Command: MAKECALL
Command: MAKECALL
Command: MAKECALL
Command: MAKECALL
Command: MAKECALL
Command: MAKECALL
Command: SENDTEXT
Command: SENDTEXT
Command: MAKECALL
Command: MAKECALL
Command: MAKECALL
Command: MAKECALL
Command: MAKECALL
Command: MAKECALL
Command: SENDTEXT
Command: RECHARGE
Command: MAKECALL
Command: MAKECALL
Command: MAKECALL
Command: MAKECALL
Command: RECHARGE
Command: MAKECALL
Command: SENDTEXT
Command: SENDTEXT
Command: MAKECALL
Command: DISPLAYDETAILS
Command: SEARCH
Command: MAKECALL
Command: MAKECALL
Command: MAKECALL
Command: MAKECALL
Command: MAKECALL
Command: MAKECALL
Command: MAKECALL
Command: SENDTEXT
Command: MAKECALL
Command: MAKECALL
Command: MAKECALL
Command: MAKECALL
Command: MAKECALL
Command: MAKECALL
Command: MAKECALL
Command: MAKECALL
Command: MAKECALL
Command: MAKECALL
Command: MAKECALL
Command: MAKECALL
Command: MAKECALL
Command: MAKECALL
Command: MAKECALL
Command: MAKECALL
Command: MAKECALL
Command: MAKECALL
Command: MAKECALL
Command: MAKECALL
Command: MAKECALL
Command: SENDTEXT
Command: MAKECALL
Command: MAKECALL
Command: MAKECALL
Command: MAKECALL
Command: MAKECALL
Command: MAKECALL
Command: MAKECALL
Command: MAKECALL
Command: ADDACCOUNT
 Name:          FRANKIE CLEMENT
 Student ID:    1111922
 Phone Number:  8636322925
 Balance:       $20.00

Command: RECHARGE
Command: SENDTEXT
Command: MAKECALL
Command: MAKECALL
Command: MAKECALL
Command: MAKECALL
Command: MAKECALL
Command: MAKECALL
Command: MAKECALL
Command: MAKECALL
Command: SENDTEXT
Command: MAKECALL
Command: MAKECALL
Command: MAKECALL
Command: MAKECALL
Command: MAKECALL
Command: MAKECALL
Command: MAKECALL
Command: MAKECALL
Command: MAKECALL
Command: MAKECALL
Command: MAKECALL
Command: MAKECALL
Command: MAKECALL
Command: MAKECALL
Command: MAKECALL
Command: MAKECALL
Command: MAKECALL
Command: MAKECALL
Command: MAKECALL
Command: MAKECALL
Command: MAKECALL
Command: MAKECALL
Command: MAKECALL
Command: MAKECALL
Command: MAKECALL
Command: MAKECALL
Command: MAKECALL
Command: MAKECALL
Command: MAKECALL
Command: MAKECALL
Command: MAKECALL
Command: MAKECALL
Command: MAKECALL
Command: MAKECALL
Command: MAKECALL
Command: MAKECALL
Command: MAKECALL
Command: MAKECALL
Command: MAKECALL
Command: MAKECALL
Command: MAKECALL
Command: MAKECALL
Command: MAKECALL
Command: MAKECALL
Command: MAKECALL
Command: MAKECALL
Command: MAKECALL
Command: MAKECALL
Command: MAKECALL
Command: MAKECALL
Command: MAKECALL
Command: MAKECALL
Command: MAKECALL
Command: MAKECALL
Command: MAKECALL
Command: SENDTEXT
Command: MAKECALL
Command: MAKECALL
Command: MAKECALL
Command: MAKECALL
Command: MAKECALL
Command: MAKECALL
Command: MAKECALL
Command: MAKECALL
Command: MAKECALL
Command: MAKECALL
Command: MAKECALL
Command: MAKECALL
Command: MAKECALL
Command: MAKECALL
Command: MAKECALL
Command: MAKECALL
Command: MAKECALL
Command: MAKECALL
Command: MAKECALL
Command: SENDTEXT
Command: MAKECALL
Command: MAKECALL
Command: MAKECALL
Command: MAKECALL
Command: MAKECALL
Command: MAKECALL
Command: MAKECALL
Command: MAKECALL
Command: MAKECALL
Command: MAKECALL
Command: MAKECALL
Command: MAKECALL
Command: MAKECALL
Command: MAKECALL
Command: MAKECALL
Command: MAKECALL
Command: MAKECALL
Command: MAKECALL
Command: SENDTEXT
Command: MAKECALL
Command: MAKECALL
Command: MAKECALL
Command: MAKECALL
Command: MAKECALL
Command: MAKECALL
Command: MAKECALL
Command: MAKECALL
Command: MAKECALL
Command: MAKECALL
Command: MAKECALL
Command: MAKECALL
Command: MAKECALL
Command: MAKECALL
Command: SENDTEXT
Command: MAKECALL
Command: MAKECALL
Command: MAKECALL
Command: RECHARGE
Command: MAKECALL
Command: MAKECALL
Command: MAKECALL
Command: MAKECALL
Command: MAKECALL
Command: MAKECALL
Command: MAKECALL
Command: MAKECALL
Command: MAKECALL
Command: MAKECALL
Command: MAKECALL
Command: MAKECALL
Command: MAKECALL
Command: MAKECALL
Command: MAKECALL
Command: MAKECALL
Command: MAKECALL
Command: MAKECALL
Command: MAKECALL
Command: MAKECALL
Command: SENDTEXT
Command: MAKECALL
Command: MAKECALL
Command: MAKECALL
Command: MAKECALL
Command: MAKECALL
Command: MAKECALL
Command: MAKECALL
Command: MAKECALL
Command: MAKECALL
Command: MAKECALL
Command: MAKECALL
Command: MAKECALL
Command: MAKECALL
Command: MAKECALL
Command: MAKECALL
Command: SENDTEXT
Command: MAKECALL
Command: MAKECALL
Command: MAKECALL
Command: MAKECALL
Command: MAKECALL
Command: MAKECALL
Command: MAKECALL
Command: MAKECALL
Command: MAKECALL
Command: MAKECALL
Command: MAKECALL
Command: MAKECALL
Command: MAKECALL
Command: MAKECALL
Command: MAKECALL
Command: MAKECALL
Command: MAKECALL
Command: MAKECALL
Command: MAKECALL
Command: MAKECALL
Command: SENDTEXT
Command: MAKECALL
Command: MAKECALL
Command: MAKECALL
Command: MAKECALL
Command: SENDTEXT
Command: SENDTEXT
Command: MAKECALL
Command: MAKECALL
Command: MAKECALL
Command: RECHARGE
Command: MAKECALL
Command: SENDTEXT
Command: MAKECALL
Command: MAKECALL
Command: MAKECALL
Command: MAKECALL
Command: MAKECALL
Command: MAKECALL
Command: MAKECALL
Command: MAKECALL
Command: MAKECALL
Command: MAKECALL
Command: MAKECALL
Command: MAKECALL
Command: MAKECALL
Command: MAKECALL
Command: MAKECALL
Command: MAKECALL
Command: MAKECALL
Command: MAKECALL
Command: MAKECALL
Command: MAKECALL
Command: MAKECALL
Command: MAKECALL
Command: MAKECALL
Command: MAKECALL
Command: MAKECALL
Command: MAKECALL
Command: MAKECALL
Command: MAKECALL
Command: MAKECALL
Command: MAKECALL
Command: MAKECALL
Command: MAKECALL
Command: MAKECALL
Command: MAKECALL
Command: MAKECALL
Command: MAKECALL
Command: MAKECALL
Command: MAKECALL
Command: MAKECALL
Command: MAKECALL
Command: MAKECALL
Command: MAKECALL
Command: MAKECALL
Command: MAKECALL
Command: MAKECALL
Command: MAKECALL
Command: MAKECALL
Command: MAKECALL
Command: MAKECALL
Command: MAKECALL
Command: MAKECALL
Command: MAKECALL
Command: MAKECALL
Command: MAKECALL
Command: MAKECALL
Command: MAKECALL
Command: MAKECALL
Command: RECHARGE
Command: MAKECALL
Command: MAKECALL
Command: MAKECALL
Command: MAKECALL
Command: MAKECALL
Command: MAKECALL
Command: DISPLAYDETAILS
Command: MAKECALL
Command: MAKECALL
Command: DISPLAYDETAILS
Command: MAKECALL
Command: MAKECALL
Command: MAKECALL
Command: MAKECALL
Command: MAKECALL
Command: MAKECALL
Command: MAKECALL
Command: MAKECALL
Command: MAKECALL
Command: MAKECALL
Command: MAKECALL
Command: MAKECALL
Command: MAKECALL
Command: MAKECALL
Command: MAKECALL
Command: MAKECALL
Command: MAKECALL
Command: MAKECALL
Command: MAKECALL
Command: MAKECALL
Command: MAKECALL
Command: MAKECALL
Command: MAKECALL
Command: MAKECALL
Command: MAKECALL
Command: MAKECALL
Command: MAKECALL
Command: MAKECALL
Command: MAKECALL
Command: MAKECALL
Command: MAKECALL
Command: MAKECALL
Command: MAKECALL
Command: MAKECALL
Command: MAKECALL
Command: MAKECALL
Command: MAKECALL
Command: MAKECALL
Command: MAKECALL
Command: MAKECALL
Command: MAKECALL
Command: MAKECALL
Command: MAKECALL
Command: MAKECALL
Command: MAKECALL
Command: SENDTEXT
Command: MAKECALL
Command: MAKECALL
Command: MAKECALL
Command: MAKECALL
Command: MAKECALL
Command: MAKECALL
Command: MAKECALL
Command: SENDTEXT
Command: SENDTEXT
Command: MAKECALL
Command: MAKECALL
Command: MAKECALL
Command: MAKECALL
Command: MAKECALL
Command: MAKECALL
Command: MAKECALL
Command: MAKECALL
Command: MAKECALL
Command: MAKECALL
Command: MAKECALL
Command: MAKECALL
Command: MAKECALL
Command: MAKECALL
Command: MAKECALL
Command: MAKECALL
Command: MAKECALL
Command: MAKECALL
Command: MAKECALL
Command: MAKECALL
Command: MAKECALL
Command: MAKECALL
Command: MAKECALL
Command: MAKECALL
Command: MAKECALL
Command: MAKECALL
Command: MAKECALL
Command: MAKECALL
Command: MAKECALL
Command: SENDTEXT
Command: SENDTEXT
Command: MAKECALL
Command: MAKECALL
Command: MAKECALL
Command: MAKECALL
Command: MAKECALL
Command: MAKECALL
Command: MAKECALL
Command: MAKECALL
Command: MAKECALL
Command: MAKECALL
Command: MAKECALL
Command: MAKECALL
Command: MAKECALL
Command: MAKECALL
Command: MAKECALL
Command: MAKECALL
Command: MAKECALL
Command: MAKECALL
Command: MAKECALL
Command: MAKECALL
Command: MAKECALL
Command: SENDTEXT
Command: MAKECALL
Command: MAKECALL
Command: MAKECALL
Command: MAKECALL
Command: MAKECALL
Command: SENDTEXT
Command: MAKECALL
Command: MAKECALL
Command: MAKECALL
Command: MAKECALL
Command: MAKECALL
Command: MAKECALL
Command: MAKECALL
Command: MAKECALL
Command: MAKECALL
Command: MAKECALL
Command: MAKECALL
Command: MAKECALL
Command: MAKECALL
Command: MAKECALL
Command: MAKECALL
Command: MAKECALL
Command: MAKECALL
Command: MAKECALL
Command: MAKECALL
Command: MAKECALL
Command: MAKECALL
Command: MAKECALL
Command: MAKECALL
Command: MAKECALL
Command: SEARCH
Command: MAKECALL
Command: MAKECALL
Command: MAKECALL
Command: MAKECALL
Command: MAKECALL
Command: ADDACCOUNT
 Name:          TAWNYA LEFAVER
 Student ID:    1115257
 Phone Number:  8638319299
 Balance:       $20.00

Command: MAKECALL
Command: MAKECALL
Command: MAKECALL
Command: MAKECALL
Command: MAKECALL
Command: MAKECALL
Command: MAKECALL
Command: SENDTEXT
Command: MAKECALL
Command: MAKECALL
Command: MAKECALL
Command: MAKECALL
Command: MAKECALL
Command: MAKECALL
Command: MAKECALL
Command: MAKECALL
Command: MAKECALL
Command: MAKECALL
Command: MAKECALL
Command: MAKECALL
Command: MAKECALL
Command: MAKECALL
Command: MAKECALL
Command: MAKECALL
Command: MAKECALL
Command: MAKECALL
Command: MAKECALL
Command: MAKECALL
Command: MAKECALL
Command: MAKECALL
Command: MAKECALL
Command: MAKECALL
Command: MAKECALL
Command: MAKECALL
Command: MAKECALL
Command: MAKECALL
Command: MAKECALL
Command: MAKECALL
Command: MAKECALL
Command: MAKECALL
Command: MAKECALL
Command: MAKECALL
Command: MAKECALL
Command: MAKECALL
Command: MAKECALL
Command: MAKECALL
Command: MAKECALL
Command: MAKECALL
Command: MAKECALL
Command: MAKECALL
Command: MAKECALL
Command: MAKECALL
Command: MAKECALL
Command: MAKECALL
Command: MAKECALL
Command: SENDTEXT
Command: MAKECALL
Command: MAKECALL
Command: MAKECALL
Command: MAKECALL
Command: MAKECALL
Command: MAKECALL
Command: MAKECALL
Command: MAKECALL
Command: MAKECALL
Command: MAKECALL
Command: MAKECALL
Command: MAKECALL
Command: MAKECALL
Command: MAKECALL
Command: MAKECALL
Command: MAKECALL
Command: MAKECALL
Command: MAKECALL
Command: MAKECALL
Command: MAKECALL
Command: MAKECALL
Command: MAKECALL
Command: MAKECALL
Command: MAKECALL
Command: MAKECALL
Command: MAKECALL
Command: MAKECALL
Command: MAKECALL
Command: MAKECALL
Command: MAKECALL
Command: MAKECALL
Command: MAKECALL
Command: MAKECALL
Command: MAKECALL
Command: SEARCH
Command: MAKECALL
Command: MAKECALL
Command: MAKECALL
Command: MAKECALL
Command: MAKECALL
Command: RECHARGE
Command: SENDTEXT
Command: MAKECALL
Command: MAKECALL
Command: MAKECALL
Command: MAKECALL
Command: MAKECALL
Command: MAKECALL
Command: SENDTEXT
Command: MAKECALL
Command: MAKECALL
Command: MAKECALL
Command: MAKECALL
Command: MAKECALL
Command: MAKECALL
Command: MAKECALL
Command: MAKECALL
Command: MAKECALL
Command: MAKECALL
Command: MAKECALL
Command: SENDTEXT
Command: MAKECALL
Command: SENDTEXT
Command: MAKECALL
Command: MAKECALL
Command: MAKECALL
Command: MAKECALL
Command: MAKECALL
Command: MAKECALL
Command: MAKECALL
Command: MAKECALL
Command: MAKECALL
Command: MAKECALL
Command: MAKECALL
Command: MAKECALL
Command: MAKECALL
Command: MAKECALL
Command: MAKECALL
Command: MAKECALL
Command: MAKECALL
Command: MAKECALL
Command: MAKECALL
Command: MAKECALL
Command: MAKECALL
Command: MAKECALL
Command: MAKECALL
Command: MAKECALL
Command: MAKECALL
Command: MAKECALL
Command: MAKECALL
Command: MAKECALL
Command: MAKECALL
Command: MAKECALL
Command: MAKECALL
Command: MAKECALL
Command: SENDTEXT
Command: MAKECALL
Command: MAKECALL
Command: MAKECALL
Command: MAKECALL
Command: MAKECALL
Command: MAKECALL
Command: MAKECALL
Command: MAKECALL
Command: MAKECALL
Command: MAKECALL
Command: MAKECALL
Command: SEARCH
Command: MAKECALL
Command: MAKECALL
Command: MAKECALL
Command: MAKECALL
Command: MAKECALL
Command: DISPLAYDETAILS
Command: MAKECALL
Command: MAKECALL
Command: MAKECALL
Command: MAKECALL
Command: MAKECALL
Command: SEARCH
Command: MAKECALL
Command: MAKECALL
Command: MAKECALL
Command: MAKECALL
Command: MAKECALL
Command: MAKECALL
Command: MAKECALL
Command: MAKECALL
Command: MAKECALL
Command: MAKECALL
Command: MAKECALL
Command: MAKECALL
Command: MAKECALL
Command: MAKECALL
Command: MAKECALL
Command: MAKECALL
Command: MAKECALL
Command: MAKECALL
Command: MAKECALL
Command: MAKECALL
Command: MAKECALL
Command: MAKECALL
Command: ADDACCOUNT
 Name:          SHAYNE LAYO
 Student ID:    1115190
 Phone Number:  8638335916
 Balance:       $20.00

Command: MAKECALL
Command: MAKECALL
Command: MAKECALL
Command: MAKECALL
Command: MAKECALL
Command: MAKECALL
Command: ADDACCOUNT
 Name:          NADA SAUNDERS
 Student ID:    1118175
 Phone Number:  8631730212
 Balance:       $20.00

Command: MAKECALL
Command: MAKECALL
Command: MAKECALL
Command: MAKECALL
Command: MAKECALL
Command: MAKECALL
Command: MAKECALL
Command: MAKECALL
Command: MAKECALL
Command: MAKECALL
Command: MAKECALL
Command: MAKECALL
Command: MAKECALL
Command: MAKECALL
Command: MAKECALL
Command: MAKECALL
Command: MAKECALL
Command: MAKECALL
Command: DISPLAYDETAILS
Command: MAKECALL
Command: MAKECALL
Command: MAKECALL
Command: MAKECALL
Command: MAKECALL
Command: MAKECALL
Command: MAKECALL
Command: MAKECALL
Command: SENDTEXT
Command: MAKECALL
Command: MAKECALL
Command: MAKECALL
Command: MAKECALL
Command: MAKECALL
Command: MAKECALL
Command: MAKECALL
Command: MAKECALL
Command: MAKECALL
Command: MAKECALL
Command: MAKECALL
Command: MAKECALL
Command: MAKECALL
Command: RECHARGE
Command: MAKECALL
Command: MAKECALL
Command: MAKECALL
Command: MAKECALL
Command: MAKECALL
Command: MAKECALL
Command: MAKECALL
Command: MAKECALL
Command: MAKECALL
Command: MAKECALL
Command: MAKECALL
Command: MAKECALL
Command: MAKECALL
Command: MAKECALL
Command: MAKECALL
Command: MAKECALL
Command: MAKECALL
Command: MAKECALL
Command: MAKECALL
Command: MAKECALL
Command: MAKECALL
Command: MAKECALL
Command: MAKECALL
Command: MAKECALL
Command: SENDTEXT
Command: SENDTEXT
Command: SENDTEXT
Command: MAKECALL
Command: MAKECALL
Command: MAKECALL
Command: MAKECALL
Command: MAKECALL
Command: MAKECALL
Command: MAKECALL
Command: MAKECALL
Command: MAKECALL
Command: MAKECALL
Command: MAKECALL
Command: MAKECALL
Command: MAKECALL
Command: MAKECALL
Command: MAKECALL
Command: MAKECALL
Command: MAKECALL
Command: MAKECALL
Command: MAKECALL
Command: MAKECALL
Command: MAKECALL
Command: MAKECALL
Command: MAKECALL
Command: MAKECALL
Command: MAKECALL
Command: MAKECALL
Command: MAKECALL
Command: MAKECALL
Command: MAKECALL
Command: MAKECALL
Command: MAKECALL
Command: MAKECALL
Command: MAKECALL
Command: MAKECALL
Command: MAKECALL
Command: MAKECALL
Command: MAKECALL
Command: MAKECALL
Command: MAKECALL
Command: MAKECALL
Command: MAKECALL
Command: MAKECALL
Command: MAKECALL
Command: MAKECALL
Command: MAKECALL
Command: MAKECALL
Command: SENDTEXT
Command: MAKECALL
Command: MAKECALL
Command: MAKECALL
Command: MAKECALL
Command: MAKECALL
Command: SENDTEXT
Command: MAKECALL
Command: MAKECALL
Command: MAKECALL
Command: MAKECALL
Command: MAKECALL
Command: MAKECALL
Command: MAKECALL
Command: MAKECALL
Command: MAKECALL
Command: MAKECALL
Command: MAKECALL
Command: MAKECALL
Command: MAKECALL
Command: MAKECALL
Command: MAKECALL
Command: MAKECALL
Command: MAKECALL
Command: MAKECALL
Command: MAKECALL
Command: MAKECALL
Command: MAKECALL
Command: MAKECALL
Command: DISPLAYDETAILS
Command: MAKECALL
Command: MAKECALL
Command: MAKECALL
Command: MAKECALL
Command: MAKECALL
Command: MAKECALL
Command: MAKECALL
Command: MAKECALL
Command: MAKECALL
Command: MAKECALL
Command: MAKECALL
Command: MAKECALL
Command: MAKECALL
Command: MAKECALL
Command: MAKECALL
Command: MAKECALL
Command: MAKECALL
Command: MAKECALL
Command: MAKECALL
Command: MAKECALL
Command: MAKECALL
Command: MAKECALL
Command: MAKECALL
Command: MAKECALL
Command: MAKECALL
Command: MAKECALL
Command: MAKECALL
Command: MAKECALL
Command: SENDTEXT
Command: MAKECALL
Command: MAKECALL
Command: MAKECALL
Command: MAKECALL
Command: RECHARGE
Command: MAKECALL
Command: MAKECALL
Command: MAKECALL
Command: MAKECALL
Command: MAKECALL
Command: MAKECALL
Command: MAKECALL
Command: MAKECALL
Command: MAKECALL
Command: MAKECALL
Command: MAKECALL
Command: MAKECALL
Command: MAKECALL
Command: MAKECALL
Command: MAKECALL
Command: MAKECALL
Command: MAKECALL
Command: MAKECALL
Command: SENDTEXT
Command: MAKECALL
Command: MAKECALL
Command: MAKECALL
Command: MAKECALL
Command: MAKECALL
Command: MAKECALL
Command: MAKECALL
Command: SENDTEXT
Command: MAKECALL
Command: MAKECALL
Command: MAKECALL
Command: MAKECALL
Command: MAKECALL
Command: MAKECALL
Command: MAKECALL
Command: MAKECALL
Command: MAKECALL
Command: MAKECALL
Command: MAKECALL
Command: MAKECALL
Command: MAKECALL
Command: MAKECALL
Command: MAKECALL
Command: MAKECALL
Command: MAKECALL
Command: MAKECALL
Command: MAKECALL
Command: MAKECALL
Command: MAKECALL
Command: MAKECALL
Command: MAKECALL
Command: MAKECALL
Command: MAKECALL
Command: MAKECALL
Command: MAKECALL
Command: MAKECALL
Command: MAKECALL
Command: MAKECALL
Command: MAKECALL
Command: MAKECALL
Command: MAKECALL
Command: MAKECALL
Command: MAKECALL
Command: MAKECALL
Command: MAKECALL
Command: MAKECALL
Command: MAKECALL
Command: MAKECALL
Command: MAKECALL
Command: MAKECALL
Command: MAKECALL
Command: MAKECALL
Command: MAKECALL
Command: MAKECALL
Command: SENDTEXT
Command: MAKECALL
Command: MAKECALL
Command: MAKECALL
Command: MAKECALL
Command: MAKECALL
Command: MAKECALL
Command: MAKECALL
Command: MAKECALL
Command: MAKECALL
Command: MAKECALL
Command: MAKECALL
Command: MAKECALL
Command: MAKECALL
Command: MAKECALL
Command: MAKECALL
Command: MAKECALL
Command: MAKECALL
Command: MAKECALL
Command: MAKECALL
Command: MAKECALL
Command: MAKECALL
Command: MAKECALL
Command: MAKECALL
Command: MAKECALL
Command: MAKECALL
Command: MAKECALL
Command: MAKECALL
Command: SENDTEXT
Command: MAKECALL
Command: MAKECALL
Command: MAKECALL
Command: MAKECALL
Command: MAKECALL
Command: MAKECALL
Command: MAKECALL
Command: MAKECALL
Command: MAKECALL
Command: MAKECALL
Command: MAKECALL
Command: MAKECALL
Command: MAKECALL
Command: SENDTEXT
Command: MAKECALL
Command: MAKECALL
Command: MAKECALL
Command: MAKECALL
Command: MAKECALL
Command: MAKECALL
Command: MAKECALL
Command: MAKECALL
Command: MAKECALL
Command: MAKECALL
Command: MAKECALL
Command: MAKECALL
Command: MAKECALL
Command: MAKECALL
Command: MAKECALL
Command: MAKECALL
Command: MAKECALL
Command: MAKECALL
Command: MAKECALL
Command: MAKECALL
Command: MAKECALL
Command: MAKECALL
Command: MAKECALL
Command: MAKECALL
Command: MAKECALL
Command: MAKECALL
Command: SENDTEXT
Command: MAKECALL
Command: SENDTEXT
Command: MAKECALL
Command: MAKECALL
Command: MAKECALL
Command: MAKECALL
Command: MAKECALL
Command: MAKECALL
Command: MAKECALL
Command: MAKECALL
Command: MAKECALL
Command: MAKECALL
Command: MAKECALL
Command: MAKECALL
Command: MAKECALL
Command: MAKECALL
Command: MAKECALL
Command: MAKECALL
Command: MAKECALL
Command: MAKECALL
Command: MAKECALL
Command: MAKECALL
Command: MAKECALL
Command: MAKECALL
Command: MAKECALL
Command: MAKECALL
Command: MAKECALL
Command: MAKECALL
Command: MAKECALL
Command: MAKECALL
Command: MAKECALL
Command: MAKECALL
Command: MAKECALL
Command: DISPLAYDETAILS
Command: SENDTEXT
Command: MAKECALL
Command: MAKECALL
Command: MAKECALL
Command: MAKECALL
Command: MAKECALL
Command: MAKECALL
Command: MAKECALL
Command: MAKECALL
Command: MAKECALL
Command: MAKECALL
Command: MAKECALL
Command: MAKECALL
Command: MAKECALL
Command: MAKECALL
Command: MAKECALL
Command: SENDTEXT
Command: MAKECALL
Command: MAKECALL
Command: MAKECALL
Command: MAKECALL
Command: MAKECALL
Command: MAKECALL
Command: MAKECALL
Command: MAKECALL
Command: MAKECALL
Command: MAKECALL
Command: MAKECALL
Command: MAKECALL
Command: MAKECALL
Command: MAKECALL
Command: MAKECALL
Command: MAKECALL
Command: MAKECALL
Command: SENDTEXT
Command: MAKECALL
Command: MAKECALL
Command: MAKECALL
Command: MAKECALL
Command: MAKECALL
Command: MAKECALL
Command: MAKECALL
Command: MAKECALL
Command: MAKECALL
Command: MAKECALL
Command: MAKECALL
Command: MAKECALL
Command: MAKECALL
Command: MAKECALL
Command: MAKECALL
Command: MAKECALL
Command: MAKECALL
Command: MAKECALL
Command: MAKECALL
Command: MAKECALL
Command: MAKECALL
Command: MAKECALL
Command: MAKECALL
Command: MAKECALL
Command: MAKECALL
Command: DISPLAYDETAILS
Command: MAKECALL
Command: SENDTEXT
Command: MAKECALL
Command: MAKECALL
Command: MAKECALL
Command: MAKECALL
Command: MAKECALL
Command: MAKECALL
Command: MAKECALL
Command: MAKECALL
Command: MAKECALL
Command: MAKECALL
Command: MAKECALL
Command: MAKECALL
Command: MAKECALL
Command: MAKECALL
Command: MAKECALL
Command: MAKECALL
Command: RECHARGE
Command: MAKECALL
Command: SENDTEXT
Command: MAKECALL
Command: SEARCH
Command: MAKECALL
Command: MAKECALL
Command: MAKECALL
Command: MAKECALL
Command: MAKECALL
Command: MAKECALL
Command: SENDTEXT
Command: MAKECALL
Command: MAKECALL
Command: MAKECALL
Command: MAKECALL
Command: MAKECALL
Command: MAKECALL
Command: MAKECALL
Command: MAKECALL
Command: MAKECALL
Command: MAKECALL
Command: SENDTEXT
Command: MAKECALL
Command: MAKECALL
Command: MAKECALL
Command: MAKECALL
Command: MAKECALL
Command: MAKECALL
Command: MAKECALL
Command: SENDTEXT
Command: MAKECALL
Command: MAKECALL
Command: MAKECALL
Command: MAKECALL
Command: MAKECALL
Command: MAKECALL
Command: MAKECALL
Command: MAKECALL
Command: MAKECALL
Command: MAKECALL
Command: MAKECALL
Command: MAKECALL
Command: MAKECALL
Command: MAKECALL
Command: MAKECALL
Command: MAKECALL
Command: MAKECALL
Command: MAKECALL
Command: MAKECALL
Command: MAKECALL
Command: MAKECALL
Command: MAKECALL
Command: MAKECALL
Command: MAKECALL
Command: MAKECALL
Command: DISPLAYDETAILS
Command: MAKECALL
Command: MAKECALL
Command: MAKECALL
Command: DISPLAYDETAILS
Command: MAKECALL
Command: MAKECALL
Command: MAKECALL
Command: MAKECALL
Command: MAKECALL
Command: SENDTEXT
Command: MAKECALL
Command: MAKECALL
Command: MAKECALL
Command: MAKECALL
Command: MAKECALL
Command: MAKECALL
Command: MAKECALL
Command: MAKECALL
Command: MAKECALL
Command: MAKECALL
Command: MAKECALL
Command: MAKECALL
Command: MAKECALL
Command: MAKECALL
Command: MAKECALL
Command: MAKECALL
Command: MAKECALL
Command: MAKECALL
Command: MAKECALL
Command: MAKECALL
Command: MAKECALL
Command: MAKECALL
Command: MAKECALL
Command: MAKECALL
Command: MAKECALL
Command: MAKECALL
Command: MAKECALL
Command: MAKECALL
Command: MAKECALL
Command: MAKECALL
Command: MAKECALL
Command: MAKECALL
Command: MAKECALL
Command: MAKECALL
Command: MAKECALL
Command: MAKECALL
Command: MAKECALL
Command: MAKECALL
Command: MAKECALL
Command: MAKECALL
Command: MAKECALL
Command: MAKECALL
Command: MAKECALL
Command: MAKECALL
Command: SENDTEXT
Command: MAKECALL
Command: MAKECALL
Command: MAKECALL
Command: MAKECALL
Command: MAKECALL
Command: MAKECALL
Command: MAKECALL
Command: MAKECALL
Command: MAKECALL
Command: SENDTEXT
Command: MAKECALL
Command: MAKECALL
Command: MAKECALL
Command: MAKECALL
Command: MAKECALL
Command: MAKECALL
Command: DISPLAYDETAILS
Command: SENDTEXT
Command: MAKECALL
Command: MAKECALL
Command: MAKECALL
Command: MAKECALL
Command: MAKECALL
Command: MAKECALL
Command: MAKECALL
Command: MAKECALL
Command: MAKECALL
Command: MAKECALL
Command: MAKECALL
Command: MAKECALL
Command: MAKECALL
Command: MAKECALL
Command: MAKECALL
Command: MAKECALL
Command: MAKECALL
Command: MAKECALL
Command: MAKECALL
Command: MAKECALL
Command: MAKECALL
Command: MAKECALL
Command: MAKECALL
Command: MAKECALL
Command: MAKECALL
Command: MAKECALL
Command: MAKECALL
Command: MAKECALL
Command: MAKECALL
Command: MAKECALL
Command: MAKECALL
Command: MAKECALL
Command: MAKECALL
Command: MAKECALL
Command: MAKECALL
Command: MAKECALL
Command: MAKECALL
Command: MAKECALL
Command: MAKECALL
Command: MAKECALL
Command: MAKECALL
Command: MAKECALL
Command: MAKECALL
Command: MAKECALL
Command: MAKECALL
Command: MAKECALL
Command: MAKECALL
Command: MAKECALL
Command: MAKECALL
Command: MAKECALL
Command: MAKECALL
Command: MAKECALL
Command: MAKECALL
Command: MAKECALL
Command: MAKECALL
Command: MAKECALL
Command: MAKECALL
Command: MAKECALL
Command: MAKECALL
Command: SEARCH
Command: SENDTEXT
Command: MAKECALL
Command: MAKECALL
Command: SENDTEXT
Command: MAKECALL
Command: MAKECALL
Command: MAKECALL
Command: MAKECALL
Command: MAKECALL
Command: MAKECALL
Command: MAKECALL
Command: MAKECALL
Command: MAKECALL
Command: MAKECALL
Command: MAKECALL
Command: MAKECALL
Command: MAKECALL
Command: MAKECALL
Command: SENDTEXT
Command: MAKECALL
Command: MAKECALL
Command: MAKECALL
Command: MAKECALL
Command: MAKECALL
Command: MAKECALL
Command: MAKECALL
Command: MAKECALL
Command: SENDTEXT
Command: MAKECALL
Command: MAKECALL
Command: MAKECALL
Command: MAKECALL
Command: MAKECALL
Command: MAKECALL
Command: MAKECALL
Command: MAKECALL
Command: MAKECALL
Command: MAKECALL
Command: MAKECALL
Command: MAKECALL
Command: MAKECALL
Command: MAKECALL
Command: MAKECALL
Command: MAKECALL
Command: MAKECALL
Command: MAKECALL
Command: MAKECALL
Command: MAKECALL
Command: MAKECALL
Command: MAKECALL
Command: MAKECALL
Command: MAKECALL
Command: MAKECALL
Command: MAKECALL
Command: MAKECALL
Command: MAKECALL
Command: MAKECALL
Command: MAKECALL
Command: MAKECALL
Command: MAKECALL
Command: MAKECALL
Command: MAKECALL
Command: MAKECALL
Command: MAKECALL
Command: SENDTEXT
Command: MAKECALL
Command: MAKECALL
Command: MAKECALL
Command: MAKECALL
Command: MAKECALL
Command: MAKECALL
Command: MAKECALL
Command: MAKECALL
Command: MAKECALL
Command: MAKECALL
Command: MAKECALL
Command: MAKECALL
Command: MAKECALL
Command: MAKECALL
Command: MAKECALL
Command: MAKECALL
Command: MAKECALL
Command: MAKECALL
Command: SENDTEXT
Command: MAKECALL
Command: MAKECALL
Command: MAKECALL
Command: MAKECALL
Command: MAKECALL
Command: MAKECALL
Command: MAKECALL
Command: MAKECALL
Command: MAKECALL
Command: MAKECALL
Command: MAKECALL
Command: MAKECALL
Command: MAKECALL
Command: MAKECALL
Command: MAKECALL
Command: MAKECALL
Command: MAKECALL
Command: MAKECALL
Command: MAKECALL
Command: SENDTEXT
Command: MAKECALL
Command: MAKECALL
Command: MAKECALL
Command: MAKECALL
Command: MAKECALL
Command: SEARCH
Command: MAKECALL
Command: SENDTEXT
Command: MAKECALL
Command: MAKECALL
Command: MAKECALL
Command: MAKECALL
Command: MAKECALL
Command: MAKECALL
Command: MAKECALL
Command: MAKECALL
Command: MAKECALL
Command: MAKECALL
Command: MAKECALL
Command: MAKECALL
Command: MAKECALL
Command: MAKECALL
Command: MAKECALL
Command: MAKECALL
Command: MAKECALL
Command: MAKECALL
Command: MAKECALL
Command: MAKECALL
Command: MAKECALL
Command: MAKECALL
Command: MAKECALL
Command: MAKECALL
Command: MAKECALL
Command: MAKECALL
Command: MAKECALL
Command: DISPLAYDETAILS
Command: MAKECALL
Command: MAKECALL
Command: MAKECALL
Command: MAKECALL
Command: MAKECALL
Command: MAKECALL
Command: MAKECALL
Command: MAKECALL
Command: MAKECALL
Command: MAKECALL
Command: MAKECALL
Command: MAKECALL
Command: MAKECALL
Command: MAKECALL
Command: MAKECALL
Command: MAKECALL
Command: MAKECALL
Command: MAKECALL
Command: MAKECALL
Command: MAKECALL
Command: MAKECALL
Command: MAKECALL
Command: MAKECALL
Command: MAKECALL
Command: MAKECALL
Command: MAKECALL
Command: MAKECALL
Command: MAKECALL
Command: MAKECALL
Command: MAKECALL
Command: MAKECALL
Command: MAKECALL
Command: MAKECALL
Command: MAKECALL
Command: MAKECALL
Command: MAKECALL
Command: MAKECALL
Command: MAKECALL
Command: MAKECALL
Command: RECHARGE
Command: MAKECALL
Command: MAKECALL
Command: MAKECALL
Command: MAKECALL
Command: MAKECALL
Command: MAKECALL
Command: MAKECALL
Command: MAKECALL
Command: MAKECALL
Command: MAKECALL
Command: MAKECALL
Command: MAKECALL
Command: SENDTEXT
Command: MAKECALL
Command: MAKECALL
Command: MAKECALL
Command: MAKECALL
Command: MAKECALL
Command: MAKECALL
Command: MAKECALL
Command: MAKECALL
Command: MAKECALL
Command: MAKECALL
Command: MAKECALL
Command: MAKECALL
Command: RECHARGE
Command: MAKECALL
Command: MAKECALL
Command: MAKECALL
Command: MAKECALL
Command: MAKECALL
Command: MAKECALL
Command: SENDTEXT
Command: MAKECALL
Command: MAKECALL
Command: MAKECALL
Command: MAKECALL
Command: MAKECALL
Command: MAKECALL
Command: SENDTEXT
Command: MAKECALL
Command: MAKECALL
Command: MAKECALL
Command: MAKECALL
Command: MAKECALL
Command: MAKECALL
Command: MAKECALL
Command: MAKECALL
Command: MAKECALL
Command: MAKECALL
Command: MAKECALL
Command: MAKECALL
Command: SENDTEXT
Command: MAKECALL
Command: MAKECALL
Command: MAKECALL
Command: MAKECALL
Command: MAKECALL
Command: MAKECALL
Command: MAKECALL
Command: MAKECALL
Command: MAKECALL
Command: MAKECALL
Command: MAKECALL
Command: MAKECALL
Command: MAKECALL
Command: MAKECALL
Command: MAKECALL
Command: MAKECALL
Command: MAKECALL
Command: MAKECALL
Command: MAKECALL
Command: MAKECALL
Command: MAKECALL
Command: MAKECALL
Command: MAKECALL
Command: MAKECALL
Command: MAKECALL
Command: MAKECALL
Command: MAKECALL
Command: MAKECALL
Command: MAKECALL
Command: MAKECALL
Command: MAKECALL
Command: MAKECALL
Command: MAKECALL
Command: MAKECALL
Command: MAKECALL
Command: MAKECALL
Command: MAKECALL
Command: MAKECALL
Command: MAKECALL
Command: MAKECALL
Command: MAKECALL
Command: MAKECALL
Command: MAKECALL
Command: MAKECALL
Command: MAKECALL
Command: MAKECALL
Command: MAKECALL
Command: MAKECALL
Command: MAKECALL
Command: SENDTEXT
Command: MAKECALL
Command: MAKECALL
Command: MAKECALL
Command: MAKECALL
Command: SENDTEXT
Command: MAKECALL
Command: MAKECALL
Command: MAKECALL
Command: MAKECALL
Command: MAKECALL
Command: MAKECALL
Command: MAKECALL
Command: MAKECALL
Command: MAKECALL
Command: MAKECALL
Command: MAKECALL
Command: MAKECALL
Command: MAKECALL
Command: MAKECALL
Command: MAKECALL
Command: MAKECALL
Command: MAKECALL
Command: MAKECALL
Command: MAKECALL
Command: MAKECALL
Command: MAKECALL
Command: MAKECALL
Command: MAKECALL
Command: MAKECALL
Command: MAKECALL
Command: MAKECALL
Command: MAKECALL
Command: MAKECALL
Command: MAKECALL
Command: MAKECALL
Command: MAKECALL
Command: MAKECALL
Command: MAKECALL
Command: MAKECALL
Command: MAKECALL
Command: MAKECALL
Command: MAKECALL
Command: MAKECALL
Command: MAKECALL
Command: MAKECALL
Command: MAKECALL
Command: MAKECALL
Command: MAKECALL
Command: MAKECALL
Command: DISPLAYDETAILS
Command: MAKECALL
Command: MAKECALL
Command: SENDTEXT
Command: MAKECALL
Command: MAKECALL
Command: MAKECALL
Command: MAKECALL
Command: MAKECALL
Command: MAKECALL
Command: MAKECALL
Command: MAKECALL
Command: SENDTEXT
Command: MAKECALL
Command: SENDTEXT
Command: MAKECALL
Command: MAKECALL
Command: MAKECALL
Command: MAKECALL
Command: MAKECALL
Command: MAKECALL
Command: MAKECALL
Command: MAKECALL
Command: MAKECALL
Command: MAKECALL
Command: MAKECALL
Command: MAKECALL
Command: MAKECALL
Command: MAKECALL
Command: MAKECALL
Command: MAKECALL
Command: MAKECALL
Command: MAKECALL
Command: MAKECALL
Command: MAKECALL
Command: MAKECALL
Command: MAKECALL
Command: MAKECALL
Command: MAKECALL
Command: MAKECALL
Command: MAKECALL
Command: MAKECALL
Command: MAKECALL
Command: MAKECALL
Command: MAKECALL
Command: MAKECALL
Command: MAKECALL
Command: MAKECALL
Command: MAKECALL
Command: MAKECALL
Command: SENDTEXT
Command: MAKECALL
Command: MAKECALL
Command: MAKECALL
Command: MAKECALL
Command: MAKECALL
Command: MAKECALL
Command: MAKECALL
Command: MAKECALL
Command: MAKECALL
Command: DISPLAYDETAILS
Command: MAKECALL
Command: MAKECALL
Command: MAKECALL
Command: RECHARGE
Command: MAKECALL
Command: MAKECALL
Command: MAKECALL
Command: MAKECALL
Command: MAKECALL
Command: MAKECALL
Command: MAKECALL
Command: MAKECALL
Command: MAKECALL
Command: MAKECALL
Command: MAKECALL
Command: MAKECALL
Command: MAKECALL
Command: MAKECALL
Command: MAKECALL
Command: DISPLAYDETAILS
Command: MAKECALL
Command: MAKECALL
Command: SENDTEXT
Command: MAKECALL
Command: SENDTEXT
Command: MAKECALL
Command: MAKECALL
Command: MAKECALL
Command: MAKECALL
Command: MAKECALL
Command: RECHARGE
Command: MAKECALL
Command: MAKECALL
Command: MAKECALL
Command: MAKECALL
Command: MAKECALL
Command: SENDTEXT
Command: MAKECALL
Command: MAKECALL
Command: MAKECALL
Command: MAKECALL
Command: RECHARGE
Command: MAKECALL
Command: MAKECALL
Command: MAKECALL
Command: MAKECALL
Command: MAKECALL
Command: MAKECALL
Command: MAKECALL
Command: MAKECALL
Command: MAKECALL
Command: MAKECALL
Command: MAKECALL
Command: MAKECALL
Command: MAKECALL
Command: MAKECALL
Command: MAKECALL
Command: MAKECALL
Command: MAKECALL
Command: MAKECALL
Command: MAKECALL
Command: MAKECALL
Command: MAKECALL
Command: MAKECALL
Command: MAKECALL
Command: MAKECALL
Command: MAKECALL
Command: MAKECALL
Command: MAKECALL
Command: MAKECALL
Command: MAKECALL
Command: MAKECALL
Command: MAKECALL
Command: SENDTEXT
Command: MAKECALL
Command: MAKECALL
Command: DISPLAYDETAILS
Command: MAKECALL
Command: MAKECALL
Command: MAKECALL
Command: MAKECALL
Command: MAKECALL
Command: MAKECALL
Command: MAKECALL
Command: MAKECALL
Command: SENDTEXT
Command: MAKECALL
Command: MAKECALL
Command: MAKECALL
Command: MAKECALL
Command: MAKECALL
Command: MAKECALL
Command: MAKECALL
Command: MAKECALL
Command: MAKECALL
Command: MAKECALL
Command: MAKECALL
Command: MAKECALL
Command: MAKECALL
Command: MAKECALL
Command: MAKECALL
Command: MAKECALL
Command: MAKECALL
Command: MAKECALL
Command: MAKECALL
Command: MAKECALL
Command: MAKECALL
Command: MAKECALL
Command: MAKECALL
Command: MAKECALL
Command: MAKECALL
Command: MAKECALL
Command: MAKECALL
Command: MAKECALL
Command: MAKECALL
Command: MAKECALL
Command: MAKECALL
Command: MAKECALL
Command: MAKECALL
Command: MAKECALL
Command: MAKECALL
Command: MAKECALL
Command: MAKECALL
Command: MAKECALL
Command: MAKECALL
Command: MAKECALL
Command: SENDTEXT
Command: MAKECALL
Command: MAKECALL
Command: MAKECALL
Command: MAKECALL
Command: MAKECALL
Command: MAKECALL
Command: MAKECALL
Command: MAKECALL
Command: MAKECALL
Command: MAKECALL
Command: MAKECALL
Command: MAKECALL
Command: MAKECALL
Command: MAKECALL
Command: MAKECALL
Command: MAKECALL
Command: MAKECALL
Command: MAKECALL
Command: MAKECALL
Command: MAKECALL
Command: MAKECALL
Command: MAKECALL
Command: MAKECALL
Command: MAKECALL
Command: MAKECALL
Command: MAKECALL
Command: MAKECALL
Command: MAKECALL
Command: MAKECALL
Command: MAKECALL
Command: MAKECALL
Command: MAKECALL
Command: MAKECALL
Command: SENDTEXT
Command: MAKECALL
Command: MAKECALL
Command: MAKECALL
Command: MAKECALL
Command: MAKECALL
Command: MAKECALL
Command: MAKECALL
Command: MAKECALL
Command: MAKECALL
Command: MAKECALL
Command: RECHARGE
Command: MAKECALL
Command: MAKECALL
Command: MAKECALL
Command: MAKECALL
Command: MAKECALL
Command: MAKECALL
Command: MAKECALL
Command: MAKECALL
Command: MAKECALL
Command: MAKECALL
Command: MAKECALL
Command: SENDTEXT
Command: MAKECALL
Command: MAKECALL
Command: MAKECALL
Command: MAKECALL
Command: MAKECALL
Command: MAKECALL
Command: MAKECALL
Command: MAKECALL
Command: MAKECALL
Command: MAKECALL
Command: MAKECALL
Command: SENDTEXT
Command: MAKECALL
Command: MAKECALL
Command: MAKECALL
Command: MAKECALL
Command: MAKECALL
Command: MAKECALL
Command: MAKECALL
Command: MAKECALL
Command: MAKECALL
Command: MAKECALL
Command: MAKECALL
Command: MAKECALL
Command: MAKECALL
Command: MAKECALL
Command: MAKECALL
Command: MAKECALL
Command: SENDTEXT
Command: MAKECALL
Command: MAKECALL
Command: MAKECALL
Command: MAKECALL
Command: MAKECALL
Command: MAKECALL
Command: MAKECALL
Command: MAKECALL
Command: MAKECALL
Command: MAKECALL
Command: MAKECALL
Command: MAKECALL
Command: MAKECALL
Command: MAKECALL
Command: MAKECALL
Command: MAKECALL
Command: SENDTEXT
Command: MAKECALL
Command: MAKECALL
Command: MAKECALL
Command: MAKECALL
Command: MAKECALL
Command: MAKECALL
Command: MAKECALL
Command: MAKECALL
Command: MAKECALL
Command: MAKECALL
Command: MAKECALL
Command: MAKECALL
Command: MAKECALL
Command: MAKECALL
Command: MAKECALL
Command: MAKECALL
Command: MAKECALL
Command: MAKECALL
Command: MAKECALL
Command: MAKECALL
Command: MAKECALL
Command: MAKECALL
Command: MAKECALL
Command: SENDTEXT
Command: MAKECALL
Command: SENDTEXT
Command: MAKECALL
Command: MAKECALL
Command: MAKECALL
Command: SENDTEXT
Command: MAKECALL
Command: MAKECALL
Command: MAKECALL
Command: MAKECALL
Command: MAKECALL
Command: MAKECALL
Command: MAKECALL
Command: MAKECALL
Command: MAKECALL
Command: MAKECALL
Command: MAKECALL
Command: MAKECALL
Command: MAKECALL
Command: MAKECALL
Command: MAKECALL
Command: MAKECALL
Command: MAKECALL
Command: MAKECALL
Command: MAKECALL
Command: MAKECALL
Command: MAKECALL
Command: MAKECALL
Command: MAKECALL
Command: MAKECALL
Command: MAKECALL
Command: MAKECALL
Command: MAKECALL
Command: MAKECALL
Command: MAKECALL
Command: MAKECALL
Command: MAKECALL
Command: MAKECALL
Command: MAKECALL
Command: MAKECALL
Command: MAKECALL
Command: SENDTEXT
Command: MAKECALL
Command: ADDACCOUNT
 Name:          ROSELLA FOLLEY
 Student ID:    1113069
 Phone Number:  8632584763
 Balance:       $20.00

Command: MAKECALL
Command: MAKECALL
Command: MAKECALL
Command: MAKECALL
Command: MAKECALL
Command: MAKECALL
Command: MAKECALL
Command: MAKECALL
Command: MAKECALL
Command: MAKECALL
Command: MAKECALL
Command: MAKECALL
Command: SENDTEXT
Command: MAKECALL
Command: DISPLAYDETAILS
Command: MAKECALL
Command: MAKECALL
Command: MAKECALL
Command: MAKECALL
Command: MAKECALL
Command: MAKECALL
Command: MAKECALL
Command: MAKECALL
Command: MAKECALL
Command: MAKECALL
Command: MAKECALL
Command: SENDTEXT
Command: MAKECALL
Command: SENDTEXT
Command: MAKECALL
Command: MAKECALL
Command: MAKECALL
Command: SENDTEXT
Command: MAKECALL
Command: MAKECALL
Command: MAKECALL
Command: MAKECALL
Command: MAKECALL
Command: MAKECALL
Command: MAKECALL
Command: MAKECALL
Command: MAKECALL
Command: MAKECALL
Command: MAKECALL
Command: MAKECALL
Command: MAKECALL
Command: MAKECALL
Command: MAKECALL
Command: MAKECALL
Command: MAKECALL
Command: MAKECALL
Command: MAKECALL
Command: MAKECALL
Command: MAKECALL
Command: MAKECALL
Command: MAKECALL
Command: MAKECALL
Command: MAKECALL
Command: MAKECALL
Command: MAKECALL
Command: MAKECALL
Command: MAKECALL
Command: MAKECALL
Command: MAKECALL
Command: MAKECALL
Command: MAKECALL
Command: MAKECALL
Command: MAKECALL
Command: MAKECALL
Command: MAKECALL
Command: MAKECALL
Command: MAKECALL
Command: MAKECALL
Command: MAKECALL
Command: MAKECALL
Command: MAKECALL
Command: MAKECALL
Command: MAKECALL
Command: SEARCH
Command: MAKECALL
Command: MAKECALL
Command: MAKECALL
Command: MAKECALL
Command: MAKECALL
Command: MAKECALL
Command: MAKECALL
Command: MAKECALL
Command: SENDTEXT
Command: MAKECALL
Command: SENDTEXT
Command: MAKECALL
Command: MAKECALL
Command: MAKECALL
Command: MAKECALL
Command: MAKECALL
Command: MAKECALL
Command: MAKECALL
Command: MAKECALL
Command: MAKECALL
Command: MAKECALL
Command: MAKECALL
Command: MAKECALL
Command: MAKECALL
Command: MAKECALL
Command: MAKECALL
Command: MAKECALL
Command: MAKECALL
Command: MAKECALL
Command: MAKECALL
Command: MAKECALL
Command: MAKECALL
Command: MAKECALL
Command: MAKECALL
Command: MAKECALL
Command: MAKECALL
Command: MAKECALL
Command: MAKECALL
Command: MAKECALL
Command: MAKECALL
Command: MAKECALL
Command: SENDTEXT
Command: MAKECALL
Command: MAKECALL
Command: MAKECALL
Command: MAKECALL
Command: MAKECALL
Command: MAKECALL
Command: MAKECALL
Command: MAKECALL
Command: MAKECALL
Command: MAKECALL
Command: MAKECALL
Command: MAKECALL
Command: MAKECALL
Command: MAKECALL
Command: MAKECALL
Command: MAKECALL
Command: MAKECALL
Command: MAKECALL
Command: MAKECALL
Command: MAKECALL
Command: MAKECALL
Command: MAKECALL
Command: MAKECALL
Command: MAKECALL
Command: MAKECALL
Command: MAKECALL
Command: MAKECALL
Command: MAKECALL
Command: MAKECALL
Command: MAKECALL
Command: MAKECALL
Command: MAKECALL
Command: MAKECALL
Command: MAKECALL
Command: MAKECALL
Command: MAKECALL
Command: MAKECALL
Command: MAKECALL
Command: MAKECALL
Command: MAKECALL
Command: SENDTEXT
Command: MAKECALL
Command: MAKECALL
Command: MAKECALL
Command: MAKECALL
Command: MAKECALL
Command: MAKECALL
Command: MAKECALL
Command: MAKECALL
Command: MAKECALL
Command: MAKECALL
Command: MAKECALL
Command: MAKECALL
Command: SENDTEXT
Command: MAKECALL
Command: MAKECALL
Command: MAKECALL
Command: MAKECALL
Command: MAKECALL
Command: MAKECALL
Command: MAKECALL
Command: MAKECALL
Command: MAKECALL
Command: MAKECALL
Command: MAKECALL
Command: MAKECALL
Command: MAKECALL
Command: SENDTEXT
Command: MAKECALL
Command: MAKECALL
Command: MAKECALL
Command: SEARCH
Command: MAKECALL
Command: MAKECALL
Command: MAKECALL
Command: MAKECALL
Command: MAKECALL
Command: MAKECALL
Command: MAKECALL
Command: MAKECALL
Command: MAKECALL
Command: SENDTEXT
Command: MAKECALL
Command: MAKECALL
Command: MAKECALL
Command: MAKECALL
Command: MAKECALL
Command: MAKECALL
Command: MAKECALL
Command: MAKECALL
Command: MAKECALL
Command: RECHARGE
Command: MAKECALL
Command: MAKECALL
Command: MAKECALL
Command: MAKECALL
Command: MAKECALL
Command: MAKECALL
Command: MAKECALL
Command: MAKECALL
Command: MAKECALL
Command: MAKECALL
Command: MAKECALL
Command: MAKECALL
Command: MAKECALL
Command: MAKECALL
Command: MAKECALL
Command: MAKECALL
Command: MAKECALL
Command: MAKECALL
Command: MAKECALL
Command: MAKECALL
Command: MAKECALL
Command: MAKECALL
Command: MAKECALL
Command: MAKECALL
Command: MAKECALL
Command: MAKECALL
Command: MAKECALL
Command: MAKECALL
Command: MAKECALL
Command: MAKECALL
Command: MAKECALL
Command: MAKECALL
Command: MAKECALL
Command: MAKECALL
Command: MAKECALL
Command: SENDTEXT
Command: DISPLAYDETAILS
Command: MAKECALL
Command: DISPLAYDETAILS
Command: MAKECALL
Command: MAKECALL
Command: MAKECALL
Command: MAKECALL
Command: MAKECALL
Command: MAKECALL
Command: MAKECALL
Command: MAKECALL
Command: MAKECALL
Command: MAKECALL
Command: MAKECALL
Command: MAKECALL
Command: MAKECALL
Command: MAKECALL
Command: MAKECALL
Command: MAKECALL
Command: MAKECALL
Command: MAKECALL
Command: MAKECALL
Command: MAKECALL
Command: MAKECALL
Command: MAKECALL
Command: MAKECALL
Command: MAKECALL
Command: MAKECALL
Command: MAKECALL
Command: MAKECALL
Command: MAKECALL
Command: MAKECALL
Command: MAKECALL
Command: MAKECALL
Command: MAKECALL
Command: MAKECALL
Command: MAKECALL
Command: MAKECALL
Command: MAKECALL
Command: MAKECALL
Command: MAKECALL
Command: MAKECALL
Command: MAKECALL
Command: MAKECALL
Command: MAKECALL
Command: SENDTEXT
Command: MAKECALL
Command: MAKECALL
Command: MAKECALL
Command: MAKECALL
Command: MAKECALL
Command: MAKECALL
Command: MAKECALL
Command: MAKECALL
Command: MAKECALL
Command: MAKECALL
Command: MAKECALL
Command: MAKECALL
Command: MAKECALL
Command: MAKECALL
Command: MAKECALL
Command: MAKECALL
Command: MAKECALL
Command: MAKECALL
Command: SENDTEXT
Command: MAKECALL
Command: MAKECALL
Command: MAKECALL
Command: MAKECALL
Command: MAKECALL
Command: MAKECALL
Command: MAKECALL
Command: MAKECALL
Command: MAKECALL
Command: MAKECALL
Command: MAKECALL
Command: MAKECALL
Command: MAKECALL
Command: MAKECALL
Command: MAKECALL
Command: MAKECALL
Command: MAKECALL
Command: MAKECALL
Command: SENDTEXT
Command: MAKECALL
Command: MAKECALL
Command: MAKECALL
Command: MAKECALL
Command: MAKECALL
Command: SENDTEXT
Command: MAKECALL
Command: MAKECALL
Command: MAKECALL
Command: MAKECALL
Command: MAKECALL
Command: SENDTEXT
Command: MAKECALL
Command: MAKECALL
Command: MAKECALL
Command: MAKECALL
Command: MAKECALL
Command: MAKECALL
Command: MAKECALL
Command: MAKECALL
Command: MAKECALL
Command: MAKECALL
Command: MAKECALL
Command: MAKECALL
Command: MAKECALL
Command: MAKECALL
Command: MAKECALL
Command: MAKECALL
Command: MAKECALL
Command: MAKECALL
Command: MAKECALL
Command: MAKECALL
Command: SENDTEXT
Command: MAKECALL
Command: MAKECALL
Command: MAKECALL
Command: MAKECALL
Command: MAKECALL
Command: MAKECALL
Command: MAKECALL
Command: MAKECALL
Command: MAKECALL
Command: SENDTEXT
Command: MAKECALL
Command: MAKECALL
Command: MAKECALL
Command: MAKECALL
Command: MAKECALL
Command: ADDACCOUNT
 Name:          CHERRI LEAPER
 Student ID:    1115217
 Phone Number:  8634059552
 Balance:       $20.00

Command: MAKECALL
Command: MAKECALL
Command: MAKECALL
Command: MAKECALL
Command: MAKECALL
Command: MAKECALL
Command: MAKECALL
Command: MAKECALL
Command: MAKECALL
Command: MAKECALL
Command: MAKECALL
Command: MAKECALL
Command: MAKECALL
Command: MAKECALL
Command: MAKECALL
Command: DISPLAYDETAILS
Command: MAKECALL
Command: MAKECALL
Command: MAKECALL
Command: MAKECALL
Command: MAKECALL
Command: MAKECALL
Command: MAKECALL
Command: MAKECALL
Command: MAKECALL
Command: MAKECALL
Command: MAKECALL
Command: MAKECALL
Command: MAKECALL
Command: MAKECALL
Command: MAKECALL
Command: MAKECALL
Command: MAKECALL
Command: MAKECALL
Command: MAKECALL
Command: MAKECALL
Command: SENDTEXT
Command: MAKECALL
Command: MAKECALL
Command: MAKECALL
Command: MAKECALL
Command: MAKECALL
Command: MAKECALL
Command: MAKECALL
Command: MAKECALL
Command: MAKECALL
Command: MAKECALL
Command: MAKECALL
Command: MAKECALL
Command: MAKECALL
Command: MAKECALL
Command: MAKECALL
Command: MAKECALL
Command: MAKECALL
Command: MAKECALL
Command: MAKECALL
Command: MAKECALL
Command: MAKECALL
Command: MAKECALL
Command: MAKECALL
Command: SENDTEXT
Command: SENDTEXT
Command: MAKECALL
Command: MAKECALL
Command: MAKECALL
Command: MAKECALL
Command: MAKECALL
Command: MAKECALL
Command: MAKECALL
Command: MAKECALL
Command: MAKECALL
Command: MAKECALL
Command: MAKECALL
Command: MAKECALL
Command: MAKECALL
Command: MAKECALL
Command: MAKECALL
Command: MAKECALL
Command: MAKECALL
Command: MAKECALL
Command: MAKECALL
Command: MAKECALL
Command: MAKECALL
Command: MAKECALL
Command: MAKECALL
Command: MAKECALL
Command: MAKECALL
Command: MAKECALL
Command: MAKECALL
Command: MAKECALL
Command: MAKECALL
Command: MAKECALL
Command: MAKECALL
Command: MAKECALL
Command: MAKECALL
Command: MAKECALL
Command: MAKECALL
Command: MAKECALL
Command: MAKECALL
Command: MAKECALL
Command: MAKECALL
Command: MAKECALL
Command: MAKECALL
Command: MAKECALL
Command: SENDTEXT
Command: MAKECALL
Command: MAKECALL
Command: MAKECALL
Command: MAKECALL
Command: MAKECALL
Command: MAKECALL
Command: MAKECALL
Command: MAKECALL
Command: MAKECALL
Command: MAKECALL
Command: MAKECALL
Command: MAKECALL
Command: MAKECALL
Command: MAKECALL
Command: MAKECALL
Command: MAKECALL
Command: DELETEACCOUNT
Command: MAKECALL
Command: SENDTEXT
Command: MAKECALL
Command: MAKECALL
Command: MAKECALL
Command: MAKECALL
Command: MAKECALL
Command: DISPLAYDETAILS
Command: MAKECALL
Command: MAKECALL
Command: MAKECALL
Command: MAKECALL
Command: MAKECALL
Command: MAKECALL
Command: SENDTEXT
Command: MAKECALL
Command: MAKECALL
Command: MAKECALL
Command: MAKECALL
Command: MAKECALL
Command: MAKECALL
Command: MAKECALL
Command: MAKECALL
Command: MAKECALL
Command: MAKECALL
Command: MAKECALL
Command: MAKECALL
Command: MAKECALL
Command: MAKECALL
Command: MAKECALL
Command: MAKECALL
Command: MAKECALL
Command: MAKECALL
Command: MAKECALL
Command: MAKECALL
Command: MAKECALL
Command: MAKECALL
Command: MAKECALL
Command: MAKECALL
Command: MAKECALL
Command: MAKECALL
Command: MAKECALL
Command: MAKECALL
Command: MAKECALL
Command: MAKECALL
Command: MAKECALL
Command: MAKECALL
Command: MAKECALL
Command: MAKECALL
Command: MAKECALL
Command: MAKECALL
Command: MAKECALL
Command: MAKECALL
Command: MAKECALL
Command: MAKECALL
Command: MAKECALL
Command: SENDTEXT
Command: MAKECALL
Command: MAKECALL
Command: MAKECALL
Command: MAKECALL
Command: MAKECALL
Command: MAKECALL
Command: MAKECALL
Command: MAKECALL
Command: MAKECALL
Command: MAKECALL
Command: MAKECALL
Command: MAKECALL
Command: MAKECALL
Command: MAKECALL
Command: MAKECALL
Command: MAKECALL
Command: MAKECALL
Command: MAKECALL
Command: MAKECALL
Command: MAKECALL
Command: MAKECALL
Command: RECHARGE
Command: MAKECALL
Command: MAKECALL
Command: MAKECALL
Command: MAKECALL
Command: MAKECALL
Command: MAKECALL
Command: MAKECALL
Command: MAKECALL
Command: MAKECALL
Command: MAKECALL
Command: MAKECALL
Command: MAKECALL
Command: MAKECALL
Command: MAKECALL
Command: MAKECALL
Command: SENDTEXT
Command: MAKECALL
Command: MAKECALL
Command: MAKECALL
Command: MAKECALL
Command: MAKECALL
Command: MAKECALL
Command: MAKECALL
Command: MAKECALL
Command: MAKECALL
Command: MAKECALL
Command: MAKECALL
Command: MAKECALL
Command: MAKECALL
Command: MAKECALL
Command: MAKECALL
Command: MAKECALL
Command: MAKECALL
Command: MAKECALL
Command: MAKECALL
Command: MAKECALL
Command: MAKECALL
Command: MAKECALL
Command: MAKECALL
Command: MAKECALL
Command: MAKECALL
Command: MAKECALL
Command: MAKECALL
Command: MAKECALL
Command: MAKECALL
Command: MAKECALL
Command: MAKECALL
Command: MAKECALL
Command: MAKECALL
Command: MAKECALL
Command: MAKECALL
Command: MAKECALL
Command: MAKECALL
Command: MAKECALL
Command: MAKECALL
Command: MAKECALL
Command: MAKECALL
Command: MAKECALL
Command: MAKECALL
Command: MAKECALL
Command: SENDTEXT
Command: MAKECALL
Command: MAKECALL
Command: MAKECALL
Command: MAKECALL
Command: MAKECALL
Command: MAKECALL
Command: MAKECALL
Command: MAKECALL
Command: MAKECALL
Command: MAKECALL
Command: MAKECALL
Command: MAKECALL
Command: MAKECALL
Command: MAKECALL
Command: DISPLAYDETAILS
Command: MAKECALL
Command: MAKECALL
Command: MAKECALL
Command: MAKECALL
Command: SENDTEXT
Command: MAKECALL
Command: MAKECALL
Command: MAKECALL
Command: MAKECALL
Command: MAKECALL
Command: MAKECALL
Command: MAKECALL
Command: MAKECALL
Command: MAKECALL
Command: MAKECALL
Command: MAKECALL
Command: MAKECALL
Command: SENDTEXT
Command: MAKECALL
Command: RECHARGE
Command: MAKECALL
Command: SEARCH
Command: MAKECALL
Command: MAKECALL
Command: MAKECALL
Command: MAKECALL
Command: MAKECALL
Command: MAKECALL
Command: MAKECALL
Command: MAKECALL
Command: MAKECALL
Command: MAKECALL
Command: MAKECALL
Command: MAKECALL
Command: MAKECALL
Command: MAKECALL
Command: MAKECALL
Command: MAKECALL
Command: SENDTEXT
Command: MAKECALL
Command: MAKECALL
Command: MAKECALL
Command: MAKECALL
Command: MAKECALL
Command: MAKECALL
Command: DISPLAYDETAILS
Command: SENDTEXT
Command: MAKECALL
Command: MAKECALL
Command: MAKECALL
Command: SENDTEXT
Command: MAKECALL
Command: MAKECALL
Command: MAKECALL
Command: MAKECALL
Command: MAKECALL
Command: MAKECALL
Command: MAKECALL
Command: MAKECALL
Command: MAKECALL
Command: MAKECALL
Command: MAKECALL
Command: MAKECALL
Command: MAKECALL
Command: SENDTEXT
Command: MAKECALL
Command: MAKECALL
Command: MAKECALL
Command: MAKECALL
Command: MAKECALL
Command: MAKECALL
Command: MAKECALL
Command: MAKECALL
Command: MAKECALL
Command: MAKECALL
Command: SENDTEXT
Command: MAKECALL
Command: MAKECALL
Command: MAKECALL
Command: MAKECALL
Command: MAKECALL
Command: MAKECALL
Command: MAKECALL
Command: MAKECALL
Command: MAKECALL
Command: MAKECALL
Command: MAKECALL
Command: MAKECALL
Command: SENDTEXT
Command: SENDTEXT
Command: MAKECALL
Command: MAKECALL
Command: MAKECALL
Command: MAKECALL
Command: MAKECALL
Command: SENDTEXT
Command: RECHARGE
Command: MAKECALL
Command: MAKECALL
Command: MAKECALL
Command: MAKECALL
Command: MAKECALL
Command: DELETEACCOUNT
Command: MAKECALL
Command: MAKECALL
Command: MAKECALL
Command: MAKECALL
Command: MAKECALL
Command: MAKECALL
Command: MAKECALL
Command: MAKECALL
Command: MAKECALL
Command: MAKECALL
Command: MAKECALL
Command: MAKECALL
Command: MAKECALL
Command: MAKECALL
Command: MAKECALL
Command: MAKECALL
Command: MAKECALL
Command: MAKECALL
Command: MAKECALL
Command: MAKECALL
Command: MAKECALL
Command: MAKECALL
Command: MAKECALL
Command: MAKECALL
Command: MAKECALL
Command: MAKECALL
Command: MAKECALL
Command: MAKECALL
Command: MAKECALL
Command: MAKECALL
Command: MAKECALL
Command: MAKECALL
Command: MAKECALL
Command: MAKECALL
Command: MAKECALL
Command: SENDTEXT
Command: MAKECALL
Command: MAKECALL
Command: MAKECALL
Command: RECHARGE
Command: MAKECALL
Command: MAKECALL
Command: SENDTEXT
Command: MAKECALL
Command: MAKECALL
Command: MAKECALL
Command: MAKECALL
Command: MAKECALL
Command: MAKECALL
Command: MAKECALL
Command: MAKECALL
Command: MAKECALL
Command: MAKECALL
Command: MAKECALL
Command: MAKECALL
Command: MAKECALL
Command: MAKECALL
Command: MAKECALL
Command: MAKECALL
Command: MAKECALL
Command: MAKECALL
Command: MAKECALL
Command: MAKECALL
Command: MAKECALL
Command: MAKECALL
Command: MAKECALL
Command: MAKECALL
Command: MAKECALL
Command: MAKECALL
Command: MAKECALL
Command: MAKECALL
Command: MAKECALL
Command: MAKECALL
Command: MAKECALL
Command: MAKECALL
Command: MAKECALL
Command: MAKECALL
Command: MAKECALL
Command: MAKECALL
Command: MAKECALL
Command: MAKECALL
Command: MAKECALL
Command: MAKECALL
Command: MAKECALL
Command: MAKECALL
Command: MAKECALL
Command: MAKECALL
Command: MAKECALL
Command: MAKECALL
Command: MAKECALL
Command: MAKECALL
Command: MAKECALL
Command: MAKECALL
Command: MAKECALL
Command: MAKECALL
Command: MAKECALL
Command: MAKECALL
Command: MAKECALL
Command: MAKECALL
Command: MAKECALL
Command: MAKECALL
Command: MAKECALL
Command: MAKECALL
Command: MAKECALL
Command: MAKECALL
Command: MAKECALL
Command: MAKECALL
Command: MAKECALL
Command: MAKECALL
Command: MAKECALL
Command: MAKECALL
Command: SENDTEXT
Command: DISPLAYDETAILS
Command: DISPLAYDETAILS
Command: MAKECALL
Command: MAKECALL
Command: MAKECALL
Command: MAKECALL
Command: MAKECALL
Command: MAKECALL
Command: MAKECALL
Command: MAKECALL
Command: MAKECALL
Command: MAKECALL
Command: MAKECALL
Command: MAKECALL
Command: SEARCH
Command: MAKECALL
Command: MAKECALL
Command: MAKECALL
Command: MAKECALL
Command: MAKECALL
Command: MAKECALL
Command: MAKECALL
Command: MAKECALL
Command: MAKECALL
Command: MAKECALL
Command: MAKECALL
Command: MAKECALL
Command: MAKECALL
Command: MAKECALL
Command: MAKECALL
Command: MAKECALL
Command: MAKECALL
Command: MAKECALL
Command: MAKECALL
Command: MAKECALL
Command: MAKECALL
Command: SENDTEXT
Command: MAKECALL
Command: MAKECALL
Command: MAKECALL
Command: MAKECALL
Command: MAKECALL
Command: MAKECALL
Command: MAKECALL
Command: MAKECALL
Command: MAKECALL
Command: MAKECALL
Command: MAKECALL
Command: MAKECALL
Command: MAKECALL
Command: MAKECALL
Command: MAKECALL
Command: MAKECALL
Command: MAKECALL
Command: MAKECALL
Command: MAKECALL
Command: MAKECALL
Command: MAKECALL
Command: MAKECALL
Command: MAKECALL
Command: MAKECALL
Command: MAKECALL
Command: MAKECALL
Command: MAKECALL
Command: MAKECALL
Command: MAKECALL
Command: MAKECALL
Command: MAKECALL
Command: MAKECALL
Command: MAKECALL
Command: MAKECALL
Command: MAKECALL
Command: MAKECALL
Command: MAKECALL
Command: MAKECALL
Command: MAKECALL
Command: MAKECALL
Command: MAKECALL
Command: MAKECALL
Command: MAKECALL
Command: MAKECALL
Command: MAKECALL
Command: MAKECALL
Command: ADDACCOUNT
 Name:          JUDSON LARABEL
 Student ID:    1115143
 Phone Number:  8639417488
 Balance:       $20.00

Command: MAKECALL
Command: MAKECALL
Command: MAKECALL
Command: MAKECALL
Command: MAKECALL
Command: MAKECALL
Command: MAKECALL
Command: MAKECALL
Command: MAKECALL
Command: MAKECALL
Command: MAKECALL
Command: MAKECALL
Command: MAKECALL
Command: MAKECALL
Command: DISPLAYDETAILS
Command: MAKECALL
Command: MAKECALL
Command: MAKECALL
Command: MAKECALL
Command: MAKECALL
Command: MAKECALL
Command: MAKECALL
Command: MAKECALL
Command: MAKECALL
Command: MAKECALL
Command: MAKECALL
Command: MAKECALL
Command: MAKECALL
Command: MAKECALL
Command: MAKECALL
Command: MAKECALL
Command: MAKECALL
Command: MAKECALL
Command: MAKECALL
Command: MAKECALL
Command: MAKECALL
Command: MAKECALL
Command: MAKECALL
Command: MAKECALL
Command: MAKECALL
Command: MAKECALL
Command: MAKECALL
Command: MAKECALL
Command: MAKECALL
Command: MAKECALL
Command: MAKECALL
Command: MAKECALL
Command: MAKECALL
Command: MAKECALL
Command: MAKECALL
Command: MAKECALL
Command: MAKECALL
Command: SENDTEXT
Command: MAKECALL
Command: MAKECALL
Command: MAKECALL
Command: MAKECALL
Command: MAKECALL
Command: MAKECALL
Command: MAKECALL
Command: MAKECALL
Command: MAKECALL
Command: MAKECALL
Command: MAKECALL
Command: MAKECALL
Command: MAKECALL
Command: MAKECALL
Command: MAKECALL
Command: MAKECALL
Command: MAKECALL
Command: RECHARGE
Command: MAKECALL
Command: MAKECALL
Command: MAKECALL
Command: MAKECALL
Command: MAKECALL
Command: MAKECALL
Command: MAKECALL
Command: MAKECALL
Command: MAKECALL
Command: MAKECALL
Command: MAKECALL
Command: SENDTEXT
Command: MAKECALL
Command: MAKECALL
Command: MAKECALL
Command: MAKECALL
Command: MAKECALL
Command: MAKECALL
Command: MAKECALL
Command: MAKECALL
Command: MAKECALL
Command: MAKECALL
Command: MAKECALL
Command: MAKECALL
Command: MAKECALL
Command: MAKECALL
Command: MAKECALL
Command: MAKECALL
Command: MAKECALL
Command: SENDTEXT
Command: MAKECALL
Command: MAKECALL
Command: MAKECALL
Command: MAKECALL
Command: MAKECALL
Command: MAKECALL
Command: MAKECALL
Command: MAKECALL
Command: MAKECALL
Command: MAKECALL
Command: MAKECALL
Command: MAKECALL
Command: MAKECALL
Command: MAKECALL
Command: MAKECALL
Command: MAKECALL
Command: MAKECALL
Command: MAKECALL
Command: MAKECALL
Command: MAKECALL
Command: MAKECALL
Command: MAKECALL
Command: SEARCH
Command: MAKECALL
Command: MAKECALL
Command: MAKECALL
Command: MAKECALL
Command: MAKECALL
Command: MAKECALL
Command: MAKECALL
Command: MAKECALL
Command: MAKECALL
Command: MAKECALL
Command: MAKECALL
Command: MAKECALL
Command: MAKECALL
Command: MAKECALL
Command: MAKECALL
Command: MAKECALL
Command: MAKECALL
Command: RECHARGE
Command: MAKECALL
Command: MAKECALL
Command: MAKECALL
Command: MAKECALL
Command: MAKECALL
Command: SENDTEXT
Command: MAKECALL
Command: MAKECALL
Command: MAKECALL
Command: MAKECALL
Command: MAKECALL
Command: SENDTEXT
Command: MAKECALL
Command: MAKECALL
Command: MAKECALL
Command: MAKECALL
Command: MAKECALL
Command: MAKECALL
Command: MAKECALL
Command: MAKECALL
Command: MAKECALL
Command: MAKECALL
Command: MAKECALL
Command: MAKECALL
Command: MAKECALL
Command: MAKECALL
Command: SENDTEXT
Command: MAKECALL
Command: MAKECALL
Command: MAKECALL
Command: MAKECALL
Command: MAKECALL
Command: MAKECALL
Command: MAKECALL
Command: MAKECALL
Command: DISPLAYDETAILS
Command: MAKECALL
Command: MAKECALL
Command: SEARCH
Command: MAKECALL
Command: MAKECALL
Command: SENDTEXT
Command: MAKECALL
Command: MAKECALL
Command: MAKECALL
Command: MAKECALL
Command: MAKECALL
Command: MAKECALL
Command: MAKECALL
Command: MAKECALL
Command: MAKECALL
Command: MAKECALL
Command: MAKECALL
Command: MAKECALL
Command: MAKECALL
Command: MAKECALL
Command: MAKECALL
Command: MAKECALL
Command: MAKECALL
Command: MAKECALL
Command: MAKECALL
Command: SENDTEXT
Command: MAKECALL
Command: MAKECALL
Command: MAKECALL
Command: MAKECALL
Command: SENDTEXT
Command: MAKECALL
Command: MAKECALL
Command: MAKECALL
Command: MAKECALL
Command: MAKECALL
Command: MAKECALL
Command: MAKECALL
Command: MAKECALL
Command: MAKECALL
Command: MAKECALL
Command: MAKECALL
Command: MAKECALL
Command: MAKECALL
Command: MAKECALL
Command: MAKECALL
Command: MAKECALL
Command: MAKECALL
Command: MAKECALL
Command: MAKECALL
Command: MAKECALL
Command: MAKECALL
Command: MAKECALL
Command: MAKECALL
Command: MAKECALL
Command: MAKECALL
Command: MAKECALL
Command: MAKECALL
Command: MAKECALL
Command: MAKECALL
Command: MAKECALL
Command: MAKECALL
Command: MAKECALL
Command: MAKECALL
Command: MAKECALL
Command: MAKECALL
Command: MAKECALL
Command: MAKECALL
Command: MAKECALL
Command: MAKECALL
Command: MAKECALL
Command: MAKECALL
Command: MAKECALL
Command: MAKECALL
Command: MAKECALL
Command: MAKECALL
Command: MAKECALL
Command: MAKECALL
Command: SENDTEXT
Command: MAKECALL
Command: ADDACCOUNT
 Name:          NYDIA BESA
 Student ID:    1110894
 Phone Number:  8635492346
 Balance:       $20.00

Command: MAKECALL
Command: SENDTEXT
Command: MAKECALL
Command: MAKECALL
Command: MAKECALL
Command: MAKECALL
Command: MAKECALL
Command: MAKECALL
Command: MAKECALL
Command: MAKECALL
Command: MAKECALL
Command: MAKECALL
Command: MAKECALL
Command: ADDACCOUNT
 Name:          BERENICE GLORIA
 Student ID:    1113479
 Phone Number:  8632566134
 Balance:       $20.00

Command: MAKECALL
Command: MAKECALL
Command: MAKECALL
Command: MAKECALL
Command: MAKECALL
Command: SEARCH
Command: MAKECALL
Command: MAKECALL
Command: MAKECALL
Goodbye.
